
                                      ARENA Simulation Results
                                     User - License: 7328734345

                                  Summary for Replication 1 of 30

Project: Unnamed Project                                             Run execution date : 9/18/2018
Analyst: Rockwell Automation                                         Model revision date: 9/18/2018

Replication ended at time      : 240.0 Hours 
Base Time Units: Hours

                                           TALLY VARIABLES

Identifier                                  Average   Half Width  Minimum    Maximum   Observations
___________________________________________________________________________________________________

Entity 1.VATime                             1.9940     (Insuf)    1.3175     2.7272        226    
Entity 1.NVATime                            .00000     (Insuf)    .00000     .00000        226    
Entity 1.WaitTime                           3.1379     (Insuf)    .00000     8.5011        226    
Entity 1.TranTime                           .00000     (Insuf)    .00000     .00000        226    
Entity 1.OtherTime                          .00000     (Insuf)    .00000     .00000        226    
Entity 1.TotalTime                          5.1319     (Insuf)    1.4331     10.406        226    
Process 1.Queue.WaitingTime                 3.1295     (Insuf)    .00000     8.5011        228    
Process 2.Queue.WaitingTime                 7.6672E-05 (Insuf)    .00000     .01740        227    

                                     DISCRETE-CHANGE VARIABLES

Identifier                                  Average   Half Width  Minimum    Maximum   Final Value
___________________________________________________________________________________________________

Entity 1.WIP                                4.8740     (Corr)     .00000     13.000     6.0000    
Resource 1.NumberBusy                       .91834     (Insuf)    .00000     1.0000     1.0000    
Resource 1.NumberScheduled                  1.0000     (Insuf)    1.0000     1.0000     1.0000    
Resource 1.Utilization                      .91834     (Insuf)    .00000     1.0000     1.0000    
Resource 2.NumberBusy                       .96857     .06103     .00000     2.0000     1.0000    
Resource 2.NumberScheduled                  2.0000     (Insuf)    2.0000     2.0000     2.0000    
Resource 2.Utilization                      .48429     .03051     .00000     1.0000     .50000    
Process 1.Queue.NumberInQueue               2.9870     (Corr)     .00000     11.000     4.0000    
Process 2.Queue.NumberInQueue               7.2519E-05 (Insuf)    .00000     1.0000     .00000    

                                             OUTPUTS

Identifier                                   Value
_____________________________________________________________

Entity 1.NumberIn                           232.00    
Entity 1.NumberOut                          226.00    
Resource 1.NumberSeized                     228.00    
Resource 1.ScheduledUtilization             .91834    
Resource 2.NumberSeized                     227.00    
Resource 2.ScheduledUtilization             .48429    
System.NumberOut                            226.00    

Beginning replication 2 of 30

                                      ARENA Simulation Results
                                     User - License: 7328734345

                                  Summary for Replication 2 of 30

Project: Unnamed Project                                             Run execution date : 9/18/2018
Analyst: Rockwell Automation                                         Model revision date: 9/18/2018

Replication ended at time      : 240.0 Hours 
Base Time Units: Hours

                                           TALLY VARIABLES

Identifier                                  Average   Half Width  Minimum    Maximum   Observations
___________________________________________________________________________________________________

Entity 1.VATime                             1.9816     (Insuf)    1.2595     2.7815        227    
Entity 1.NVATime                            .00000     (Insuf)    .00000     .00000        227    
Entity 1.WaitTime                           3.3566     (Insuf)    .00000     10.227        227    
Entity 1.TranTime                           .00000     (Insuf)    .00000     .00000        227    
Entity 1.OtherTime                          .00000     (Insuf)    .00000     .00000        227    
Entity 1.TotalTime                          5.3383     (Insuf)    1.5092     12.219        227    
Process 1.Queue.WaitingTime                 3.3805     (Insuf)    .00000     10.227        230    
Process 2.Queue.WaitingTime                 3.5646E-04 (Insuf)    .00000     .08163        229    

                                     DISCRETE-CHANGE VARIABLES

Identifier                                  Average   Half Width  Minimum    Maximum   Final Value
___________________________________________________________________________________________________

Entity 1.WIP                                5.1779     (Corr)     .00000     12.000     8.0000    
Resource 1.NumberBusy                       .94965     (Insuf)    .00000     1.0000     1.0000    
Resource 1.NumberScheduled                  1.0000     (Insuf)    1.0000     1.0000     1.0000    
Resource 1.Utilization                      .94965     (Insuf)    .00000     1.0000     1.0000    
Resource 2.NumberBusy                       .93997     .04859     .00000     2.0000     2.0000    
Resource 2.NumberScheduled                  2.0000     (Insuf)    2.0000     2.0000     2.0000    
Resource 2.Utilization                      .46999     .02429     .00000     1.0000     1.0000    
Process 1.Queue.NumberInQueue               3.2879     (Corr)     .00000     10.000     5.0000    
Process 2.Queue.NumberInQueue               3.4012E-04 (Insuf)    .00000     1.0000     .00000    

                                             OUTPUTS

Identifier                                   Value
_____________________________________________________________

Entity 1.NumberIn                           235.00    
Entity 1.NumberOut                          227.00    
Resource 1.NumberSeized                     230.00    
Resource 1.ScheduledUtilization             .94965    
Resource 2.NumberSeized                     229.00    
Resource 2.ScheduledUtilization             .46999    
System.NumberOut                            227.00    

Beginning replication 3 of 30

                                      ARENA Simulation Results
                                     User - License: 7328734345

                                  Summary for Replication 3 of 30

Project: Unnamed Project                                             Run execution date : 9/18/2018
Analyst: Rockwell Automation                                         Model revision date: 9/18/2018

Replication ended at time      : 240.0 Hours 
Base Time Units: Hours

                                           TALLY VARIABLES

Identifier                                  Average   Half Width  Minimum    Maximum   Observations
___________________________________________________________________________________________________

Entity 1.VATime                             1.9952     (Insuf)    1.2930     2.7817        238    
Entity 1.NVATime                            .00000     (Insuf)    .00000     .00000        238    
Entity 1.WaitTime                           5.9834     (Insuf)    .00000     14.050        238    
Entity 1.TranTime                           .00000     (Insuf)    .00000     .00000        238    
Entity 1.OtherTime                          .00000     (Insuf)    .00000     .00000        238    
Entity 1.TotalTime                          7.9787     (Insuf)    1.5119     16.271        238    
Process 1.Queue.WaitingTime                 6.0392     (Insuf)    .00000     14.050        240    
Process 2.Queue.WaitingTime                 .00000     (Insuf)    .00000     .00000        239    

                                     DISCRETE-CHANGE VARIABLES

Identifier                                  Average   Half Width  Minimum    Maximum   Final Value
___________________________________________________________________________________________________

Entity 1.WIP                                8.2418     (Corr)     .00000     17.000     11.000    
Resource 1.NumberBusy                       .97733     (Insuf)    .00000     1.0000     1.0000    
Resource 1.NumberScheduled                  1.0000     (Insuf)    1.0000     1.0000     1.0000    
Resource 1.Utilization                      .97733     (Insuf)    .00000     1.0000     1.0000    
Resource 2.NumberBusy                       1.0074     .04611     .00000     2.0000     1.0000    
Resource 2.NumberScheduled                  2.0000     (Insuf)    2.0000     2.0000     2.0000    
Resource 2.Utilization                      .50373     .02306     .00000     1.0000     .50000    
Process 1.Queue.NumberInQueue               6.2570     (Corr)     .00000     14.000     9.0000    
Process 2.Queue.NumberInQueue               .00000     (Insuf)    .00000     .00000     .00000    

                                             OUTPUTS

Identifier                                   Value
_____________________________________________________________

Entity 1.NumberIn                           249.00    
Entity 1.NumberOut                          238.00    
Resource 1.NumberSeized                     240.00    
Resource 1.ScheduledUtilization             .97733    
Resource 2.NumberSeized                     239.00    
Resource 2.ScheduledUtilization             .50373    
System.NumberOut                            238.00    

Beginning replication 4 of 30

                                      ARENA Simulation Results
                                     User - License: 7328734345

                                  Summary for Replication 4 of 30

Project: Unnamed Project                                             Run execution date : 9/18/2018
Analyst: Rockwell Automation                                         Model revision date: 9/18/2018

Replication ended at time      : 240.0 Hours 
Base Time Units: Hours

                                           TALLY VARIABLES

Identifier                                  Average   Half Width  Minimum    Maximum   Observations
___________________________________________________________________________________________________

Entity 1.VATime                             1.9795     (Insuf)    1.1238     2.7353        230    
Entity 1.NVATime                            .00000     (Insuf)    .00000     .00000        230    
Entity 1.WaitTime                           8.3313     (Insuf)    .00000     19.288        230    
Entity 1.TranTime                           .00000     (Insuf)    .00000     .00000        230    
Entity 1.OtherTime                          .00000     (Insuf)    .00000     .00000        230    
Entity 1.TotalTime                          10.310     (Insuf)    1.5491     21.270        230    
Process 1.Queue.WaitingTime                 8.3546     (Insuf)    .00000     19.288        232    
Process 2.Queue.WaitingTime                 .00000     (Insuf)    .00000     .00000        231    

                                     DISCRETE-CHANGE VARIABLES

Identifier                                  Average   Half Width  Minimum    Maximum   Final Value
___________________________________________________________________________________________________

Entity 1.WIP                                10.364     (Corr)     .00000     23.000     16.000    
Resource 1.NumberBusy                       .95286     (Insuf)    .00000     1.0000     1.0000    
Resource 1.NumberScheduled                  1.0000     (Insuf)    1.0000     1.0000     1.0000    
Resource 1.Utilization                      .95286     (Insuf)    .00000     1.0000     1.0000    
Resource 2.NumberBusy                       .95238     (Corr)     .00000     2.0000     1.0000    
Resource 2.NumberScheduled                  2.0000     (Insuf)    2.0000     2.0000     2.0000    
Resource 2.Utilization                      .47619     (Corr)     .00000     1.0000     .50000    
Process 1.Queue.NumberInQueue               8.4589     (Corr)     .00000     20.000     14.000    
Process 2.Queue.NumberInQueue               .00000     (Insuf)    .00000     .00000     .00000    

                                             OUTPUTS

Identifier                                   Value
_____________________________________________________________

Entity 1.NumberIn                           246.00    
Entity 1.NumberOut                          230.00    
Resource 1.NumberSeized                     232.00    
Resource 1.ScheduledUtilization             .95286    
Resource 2.NumberSeized                     231.00    
Resource 2.ScheduledUtilization             .47619    
System.NumberOut                            230.00    

Beginning replication 5 of 30

                                      ARENA Simulation Results
                                     User - License: 7328734345

                                  Summary for Replication 5 of 30

Project: Unnamed Project                                             Run execution date : 9/18/2018
Analyst: Rockwell Automation                                         Model revision date: 9/18/2018

Replication ended at time      : 240.0 Hours 
Base Time Units: Hours

                                           TALLY VARIABLES

Identifier                                  Average   Half Width  Minimum    Maximum   Observations
___________________________________________________________________________________________________

Entity 1.VATime                             1.9780     (Insuf)    1.1723     2.6773        236    
Entity 1.NVATime                            .00000     (Insuf)    .00000     .00000        236    
Entity 1.WaitTime                           15.303     (Insuf)    .00000     32.598        236    
Entity 1.TranTime                           .00000     (Insuf)    .00000     .00000        236    
Entity 1.OtherTime                          .00000     (Insuf)    .00000     .00000        236    
Entity 1.TotalTime                          17.281     (Insuf)    1.4435     34.693        236    
Process 1.Queue.WaitingTime                 15.426     (Insuf)    .00000     32.598        238    
Process 2.Queue.WaitingTime                 .00000     (Insuf)    .00000     .00000        237    

                                     DISCRETE-CHANGE VARIABLES

Identifier                                  Average   Half Width  Minimum    Maximum   Final Value
___________________________________________________________________________________________________

Entity 1.WIP                                19.030     (Corr)     .00000     35.000     29.000    
Resource 1.NumberBusy                       .98014     (Insuf)    .00000     1.0000     1.0000    
Resource 1.NumberScheduled                  1.0000     (Insuf)    1.0000     1.0000     1.0000    
Resource 1.Utilization                      .98014     (Insuf)    .00000     1.0000     1.0000    
Resource 2.NumberBusy                       .97146     .04893     .00000     2.0000     1.0000    
Resource 2.NumberScheduled                  2.0000     (Insuf)    2.0000     2.0000     2.0000    
Resource 2.Utilization                      .48573     .02446     .00000     1.0000     .50000    
Process 1.Queue.NumberInQueue               17.079     (Corr)     .00000     33.000     27.000    
Process 2.Queue.NumberInQueue               .00000     (Insuf)    .00000     .00000     .00000    

                                             OUTPUTS

Identifier                                   Value
_____________________________________________________________

Entity 1.NumberIn                           265.00    
Entity 1.NumberOut                          236.00    
Resource 1.NumberSeized                     238.00    
Resource 1.ScheduledUtilization             .98014    
Resource 2.NumberSeized                     237.00    
Resource 2.ScheduledUtilization             .48573    
System.NumberOut                            236.00    

Beginning replication 6 of 30

                                      ARENA Simulation Results
                                     User - License: 7328734345

                                  Summary for Replication 6 of 30

Project: Unnamed Project                                             Run execution date : 9/18/2018
Analyst: Rockwell Automation                                         Model revision date: 9/18/2018

Replication ended at time      : 240.0 Hours 
Base Time Units: Hours

                                           TALLY VARIABLES

Identifier                                  Average   Half Width  Minimum    Maximum   Observations
___________________________________________________________________________________________________

Entity 1.VATime                             1.9535     (Insuf)    1.4032     2.7022        222    
Entity 1.NVATime                            .00000     (Insuf)    .00000     .00000        222    
Entity 1.WaitTime                           4.5752     (Insuf)    .00000     15.645        222    
Entity 1.TranTime                           .00000     (Insuf)    .00000     .00000        222    
Entity 1.OtherTime                          .00000     (Insuf)    .00000     .00000        222    
Entity 1.TotalTime                          6.5287     (Insuf)    1.5101     17.141        222    
Process 1.Queue.WaitingTime                 4.5996     (Insuf)    .00000     15.645        223    
Process 2.Queue.WaitingTime                 .00000     (Insuf)    .00000     .00000        222    

                                     DISCRETE-CHANGE VARIABLES

Identifier                                  Average   Half Width  Minimum    Maximum   Final Value
___________________________________________________________________________________________________

Entity 1.WIP                                6.4964     (Corr)     .00000     21.000     20.000    
Resource 1.NumberBusy                       .90781     (Insuf)    .00000     1.0000     1.0000    
Resource 1.NumberScheduled                  1.0000     (Insuf)    1.0000     1.0000     1.0000    
Resource 1.Utilization                      .90781     (Insuf)    .00000     1.0000     1.0000    
Resource 2.NumberBusy                       .90264     .06172     .00000     2.0000     .00000    
Resource 2.NumberScheduled                  2.0000     (Insuf)    2.0000     2.0000     2.0000    
Resource 2.Utilization                      .45132     .03086     .00000     1.0000     .00000    
Process 1.Queue.NumberInQueue               4.6860     (Corr)     .00000     19.000     19.000    
Process 2.Queue.NumberInQueue               .00000     (Insuf)    .00000     .00000     .00000    

                                             OUTPUTS

Identifier                                   Value
_____________________________________________________________

Entity 1.NumberIn                           242.00    
Entity 1.NumberOut                          222.00    
Resource 1.NumberSeized                     223.00    
Resource 1.ScheduledUtilization             .90781    
Resource 2.NumberSeized                     222.00    
Resource 2.ScheduledUtilization             .45132    
System.NumberOut                            222.00    

Beginning replication 7 of 30

                                      ARENA Simulation Results
                                     User - License: 7328734345

                                  Summary for Replication 7 of 30

Project: Unnamed Project                                             Run execution date : 9/18/2018
Analyst: Rockwell Automation                                         Model revision date: 9/18/2018

Replication ended at time      : 240.0 Hours 
Base Time Units: Hours

                                           TALLY VARIABLES

Identifier                                  Average   Half Width  Minimum    Maximum   Observations
___________________________________________________________________________________________________

Entity 1.VATime                             2.0242     (Insuf)    1.0975     2.8421        220    
Entity 1.NVATime                            .00000     (Insuf)    .00000     .00000        220    
Entity 1.WaitTime                           4.6230     (Insuf)    .00000     14.586        220    
Entity 1.TranTime                           .00000     (Insuf)    .00000     .00000        220    
Entity 1.OtherTime                          .00000     (Insuf)    .00000     .00000        220    
Entity 1.TotalTime                          6.6473     (Insuf)    1.4296     16.914        220    
Process 1.Queue.WaitingTime                 4.5937     (Insuf)    .00000     14.586        222    
Process 2.Queue.WaitingTime                 .00000     (Insuf)    .00000     .00000        221    

                                     DISCRETE-CHANGE VARIABLES

Identifier                                  Average   Half Width  Minimum    Maximum   Final Value
___________________________________________________________________________________________________

Entity 1.WIP                                6.1246     (Corr)     .00000     17.000     3.0000    
Resource 1.NumberBusy                       .94637     (Insuf)    .00000     1.0000     1.0000    
Resource 1.NumberScheduled                  1.0000     (Insuf)    1.0000     1.0000     1.0000    
Resource 1.Utilization                      .94637     (Insuf)    .00000     1.0000     1.0000    
Resource 2.NumberBusy                       .92371     .05857     .00000     2.0000     1.0000    
Resource 2.NumberScheduled                  2.0000     (Insuf)    2.0000     2.0000     2.0000    
Resource 2.Utilization                      .46186     .02928     .00000     1.0000     .50000    
Process 1.Queue.NumberInQueue               4.2546     (Corr)     .00000     15.000     1.0000    
Process 2.Queue.NumberInQueue               .00000     (Insuf)    .00000     .00000     .00000    

                                             OUTPUTS

Identifier                                   Value
_____________________________________________________________

Entity 1.NumberIn                           223.00    
Entity 1.NumberOut                          220.00    
Resource 1.NumberSeized                     222.00    
Resource 1.ScheduledUtilization             .94637    
Resource 2.NumberSeized                     221.00    
Resource 2.ScheduledUtilization             .46186    
System.NumberOut                            220.00    

Beginning replication 8 of 30

                                      ARENA Simulation Results
                                     User - License: 7328734345

                                  Summary for Replication 8 of 30

Project: Unnamed Project                                             Run execution date : 9/18/2018
Analyst: Rockwell Automation                                         Model revision date: 9/18/2018

Replication ended at time      : 240.0 Hours 
Base Time Units: Hours

                                           TALLY VARIABLES

Identifier                                  Average   Half Width  Minimum    Maximum   Observations
___________________________________________________________________________________________________

Entity 1.VATime                             2.0417     (Insuf)    1.3160     2.7626        236    
Entity 1.NVATime                            .00000     (Insuf)    .00000     .00000        236    
Entity 1.WaitTime                           12.424     (Insuf)    .00000     22.325        236    
Entity 1.TranTime                           .00000     (Insuf)    .00000     .00000        236    
Entity 1.OtherTime                          .00000     (Insuf)    .00000     .00000        236    
Entity 1.TotalTime                          14.466     (Insuf)    1.5340     24.065        236    
Process 1.Queue.WaitingTime                 12.383     (Insuf)    .00000     22.325        238    
Process 2.Queue.WaitingTime                 .00000     (Insuf)    .00000     .00000        237    

                                     DISCRETE-CHANGE VARIABLES

Identifier                                  Average   Half Width  Minimum    Maximum   Final Value
___________________________________________________________________________________________________

Entity 1.WIP                                14.469     (Corr)     .00000     26.000     13.000    
Resource 1.NumberBusy                       1.0000     (Insuf)    .00000     1.0000     1.0000    
Resource 1.NumberScheduled                  1.0000     (Insuf)    1.0000     1.0000     1.0000    
Resource 1.Utilization                      1.0000     (Insuf)    .00000     1.0000     1.0000    
Resource 2.NumberBusy                       1.0173     (Corr)     .00000     2.0000     1.0000    
Resource 2.NumberScheduled                  2.0000     (Insuf)    2.0000     2.0000     2.0000    
Resource 2.Utilization                      .50866     (Corr)     .00000     1.0000     .50000    
Process 1.Queue.NumberInQueue               12.451     (Corr)     .00000     24.000     11.000    
Process 2.Queue.NumberInQueue               .00000     (Insuf)    .00000     .00000     .00000    

                                             OUTPUTS

Identifier                                   Value
_____________________________________________________________

Entity 1.NumberIn                           249.00    
Entity 1.NumberOut                          236.00    
Resource 1.NumberSeized                     238.00    
Resource 1.ScheduledUtilization             1.0000    
Resource 2.NumberSeized                     237.00    
Resource 2.ScheduledUtilization             .50866    
System.NumberOut                            236.00    

Beginning replication 9 of 30

                                      ARENA Simulation Results
                                     User - License: 7328734345

                                  Summary for Replication 9 of 30

Project: Unnamed Project                                             Run execution date : 9/18/2018
Analyst: Rockwell Automation                                         Model revision date: 9/18/2018

Replication ended at time      : 240.0 Hours 
Base Time Units: Hours

                                           TALLY VARIABLES

Identifier                                  Average   Half Width  Minimum    Maximum   Observations
___________________________________________________________________________________________________

Entity 1.VATime                             1.9822     (Insuf)    1.1526     2.8104        237    
Entity 1.NVATime                            .00000     (Insuf)    .00000     .00000        237    
Entity 1.WaitTime                           16.656     (Insuf)    .00000     31.315        237    
Entity 1.TranTime                           .00000     (Insuf)    .00000     .00000        237    
Entity 1.OtherTime                          .00000     (Insuf)    .00000     .00000        237    
Entity 1.TotalTime                          18.638     (Insuf)    1.4060     33.247        237    
Process 1.Queue.WaitingTime                 16.753     (Insuf)    .00000     31.315        239    
Process 2.Queue.WaitingTime                 .00000     (Insuf)    .00000     .00000        238    

                                     DISCRETE-CHANGE VARIABLES

Identifier                                  Average   Half Width  Minimum    Maximum   Final Value
___________________________________________________________________________________________________

Entity 1.WIP                                19.896     (Corr)     .00000     33.000     28.000    
Resource 1.NumberBusy                       .99712     (Insuf)    .00000     1.0000     1.0000    
Resource 1.NumberScheduled                  1.0000     (Insuf)    1.0000     1.0000     1.0000    
Resource 1.Utilization                      .99712     (Insuf)    .00000     1.0000     1.0000    
Resource 2.NumberBusy                       .97001     .03161     .00000     2.0000     1.0000    
Resource 2.NumberScheduled                  2.0000     (Insuf)    2.0000     2.0000     2.0000    
Resource 2.Utilization                      .48501     .01581     .00000     1.0000     .50000    
Process 1.Queue.NumberInQueue               17.929     (Corr)     .00000     31.000     26.000    
Process 2.Queue.NumberInQueue               .00000     (Insuf)    .00000     .00000     .00000    

                                             OUTPUTS

Identifier                                   Value
_____________________________________________________________

Entity 1.NumberIn                           265.00    
Entity 1.NumberOut                          237.00    
Resource 1.NumberSeized                     239.00    
Resource 1.ScheduledUtilization             .99712    
Resource 2.NumberSeized                     238.00    
Resource 2.ScheduledUtilization             .48501    
System.NumberOut                            237.00    

Beginning replication 10 of 30

                                      ARENA Simulation Results
                                     User - License: 7328734345

                                  Summary for Replication 10 of 30

Project: Unnamed Project                                             Run execution date : 9/18/2018
Analyst: Rockwell Automation                                         Model revision date: 9/18/2018

Replication ended at time      : 240.0 Hours 
Base Time Units: Hours

                                           TALLY VARIABLES

Identifier                                  Average   Half Width  Minimum    Maximum   Observations
___________________________________________________________________________________________________

Entity 1.VATime                             1.9928     (Insuf)    1.3234     2.6947        229    
Entity 1.NVATime                            .00000     (Insuf)    .00000     .00000        229    
Entity 1.WaitTime                           4.9146     (Insuf)    .00000     13.595        229    
Entity 1.TranTime                           .00000     (Insuf)    .00000     .00000        229    
Entity 1.OtherTime                          .00000     (Insuf)    .00000     .00000        229    
Entity 1.TotalTime                          6.9075     (Insuf)    1.4277     15.521        229    
Process 1.Queue.WaitingTime                 4.9341     (Insuf)    .00000     13.595        231    
Process 2.Queue.WaitingTime                 .00000     (Insuf)    .00000     .00000        230    

                                     DISCRETE-CHANGE VARIABLES

Identifier                                  Average   Half Width  Minimum    Maximum   Final Value
___________________________________________________________________________________________________

Entity 1.WIP                                6.7157     (Corr)     .00000     17.000     8.0000    
Resource 1.NumberBusy                       .94915     (Insuf)    .00000     1.0000     1.0000    
Resource 1.NumberScheduled                  1.0000     (Insuf)    1.0000     1.0000     1.0000    
Resource 1.Utilization                      .94915     (Insuf)    .00000     1.0000     1.0000    
Resource 2.NumberBusy                       .95945     .05575     .00000     2.0000     1.0000    
Resource 2.NumberScheduled                  2.0000     (Insuf)    2.0000     2.0000     2.0000    
Resource 2.Utilization                      .47973     .02788     .00000     1.0000     .50000    
Process 1.Queue.NumberInQueue               4.8071     (Corr)     .00000     14.000     6.0000    
Process 2.Queue.NumberInQueue               .00000     (Insuf)    .00000     .00000     .00000    

                                             OUTPUTS

Identifier                                   Value
_____________________________________________________________

Entity 1.NumberIn                           237.00    
Entity 1.NumberOut                          229.00    
Resource 1.NumberSeized                     231.00    
Resource 1.ScheduledUtilization             .94915    
Resource 2.NumberSeized                     230.00    
Resource 2.ScheduledUtilization             .47973    
System.NumberOut                            229.00    

Beginning replication 11 of 30

                                      ARENA Simulation Results
                                     User - License: 7328734345

                                  Summary for Replication 11 of 30

Project: Unnamed Project                                             Run execution date : 9/18/2018
Analyst: Rockwell Automation                                         Model revision date: 9/18/2018

Replication ended at time      : 240.0 Hours 
Base Time Units: Hours

                                           TALLY VARIABLES

Identifier                                  Average   Half Width  Minimum    Maximum   Observations
___________________________________________________________________________________________________

Entity 1.VATime                             1.9997     (Insuf)    1.2926     2.6993        222    
Entity 1.NVATime                            .00000     (Insuf)    .00000     .00000        222    
Entity 1.WaitTime                           5.6595     (Insuf)    .00000     17.022        222    
Entity 1.TranTime                           .00000     (Insuf)    .00000     .00000        222    
Entity 1.OtherTime                          .00000     (Insuf)    .00000     .00000        222    
Entity 1.TotalTime                          7.6592     (Insuf)    1.3012     18.704        222    
Process 1.Queue.WaitingTime                 5.6088     (Insuf)    .00000     17.022        224    
Process 2.Queue.WaitingTime                 2.0533E-04 (Insuf)    .00000     .04579        223    

                                     DISCRETE-CHANGE VARIABLES

Identifier                                  Average   Half Width  Minimum    Maximum   Final Value
___________________________________________________________________________________________________

Entity 1.WIP                                7.0939     (Corr)     .00000     20.000     2.0000    
Resource 1.NumberBusy                       .93667     (Insuf)    .00000     1.0000     1.0000    
Resource 1.NumberScheduled                  1.0000     (Insuf)    1.0000     1.0000     1.0000    
Resource 1.Utilization                      .93667     (Insuf)    .00000     1.0000     1.0000    
Resource 2.NumberBusy                       .92218     (Corr)     .00000     2.0000     1.0000    
Resource 2.NumberScheduled                  2.0000     (Insuf)    2.0000     2.0000     2.0000    
Resource 2.Utilization                      .46109     (Corr)     .00000     1.0000     .50000    
Process 1.Queue.NumberInQueue               5.2348     (Corr)     .00000     18.000     .00000    
Process 2.Queue.NumberInQueue               1.9078E-04 (Insuf)    .00000     1.0000     .00000    

                                             OUTPUTS

Identifier                                   Value
_____________________________________________________________

Entity 1.NumberIn                           224.00    
Entity 1.NumberOut                          222.00    
Resource 1.NumberSeized                     224.00    
Resource 1.ScheduledUtilization             .93667    
Resource 2.NumberSeized                     223.00    
Resource 2.ScheduledUtilization             .46109    
System.NumberOut                            222.00    

Beginning replication 12 of 30

                                      ARENA Simulation Results
                                     User - License: 7328734345

                                  Summary for Replication 12 of 30

Project: Unnamed Project                                             Run execution date : 9/18/2018
Analyst: Rockwell Automation                                         Model revision date: 9/18/2018

Replication ended at time      : 240.0 Hours 
Base Time Units: Hours

                                           TALLY VARIABLES

Identifier                                  Average   Half Width  Minimum    Maximum   Observations
___________________________________________________________________________________________________

Entity 1.VATime                             1.9822     (Insuf)    1.3024     2.6609        230    
Entity 1.NVATime                            .00000     (Insuf)    .00000     .00000        230    
Entity 1.WaitTime                           7.9045     (Insuf)    .00000     18.299        230    
Entity 1.TranTime                           .00000     (Insuf)    .00000     .00000        230    
Entity 1.OtherTime                          .00000     (Insuf)    .00000     .00000        230    
Entity 1.TotalTime                          9.8867     (Insuf)    1.9271     20.271        230    
Process 1.Queue.WaitingTime                 8.0026     (Insuf)    .00000     19.528        232    
Process 2.Queue.WaitingTime                 .00000     (Insuf)    .00000     .00000        231    

                                     DISCRETE-CHANGE VARIABLES

Identifier                                  Average   Half Width  Minimum    Maximum   Final Value
___________________________________________________________________________________________________

Entity 1.WIP                                10.271     (Corr)     .00000     21.000     18.000    
Resource 1.NumberBusy                       .97006     (Insuf)    .00000     1.0000     1.0000    
Resource 1.NumberScheduled                  1.0000     (Insuf)    1.0000     1.0000     1.0000    
Resource 1.Utilization                      .97006     (Insuf)    .00000     1.0000     1.0000    
Resource 2.NumberBusy                       .93582     .06203     .00000     2.0000     1.0000    
Resource 2.NumberScheduled                  2.0000     (Insuf)    2.0000     2.0000     2.0000    
Resource 2.Utilization                      .46791     .03102     .00000     1.0000     .50000    
Process 1.Queue.NumberInQueue               8.3660     (Corr)     .00000     19.000     16.000    
Process 2.Queue.NumberInQueue               .00000     (Insuf)    .00000     .00000     .00000    

                                             OUTPUTS

Identifier                                   Value
_____________________________________________________________

Entity 1.NumberIn                           248.00    
Entity 1.NumberOut                          230.00    
Resource 1.NumberSeized                     232.00    
Resource 1.ScheduledUtilization             .97006    
Resource 2.NumberSeized                     231.00    
Resource 2.ScheduledUtilization             .46791    
System.NumberOut                            230.00    

Beginning replication 13 of 30

                                      ARENA Simulation Results
                                     User - License: 7328734345

                                  Summary for Replication 13 of 30

Project: Unnamed Project                                             Run execution date : 9/18/2018
Analyst: Rockwell Automation                                         Model revision date: 9/18/2018

Replication ended at time      : 240.0 Hours 
Base Time Units: Hours

                                           TALLY VARIABLES

Identifier                                  Average   Half Width  Minimum    Maximum   Observations
___________________________________________________________________________________________________

Entity 1.VATime                             1.9939     (Insuf)    1.3184     2.6526        233    
Entity 1.NVATime                            .00000     (Insuf)    .00000     .00000        233    
Entity 1.WaitTime                           11.127     (Insuf)    .00000     22.971        233    
Entity 1.TranTime                           .00000     (Insuf)    .00000     .00000        233    
Entity 1.OtherTime                          .00000     (Insuf)    .00000     .00000        233    
Entity 1.TotalTime                          13.121     (Insuf)    1.4935     25.201        233    
Process 1.Queue.WaitingTime                 11.201     (Insuf)    .00000     22.971        235    
Process 2.Queue.WaitingTime                 .00000     (Insuf)    .00000     .00000        234    

                                     DISCRETE-CHANGE VARIABLES

Identifier                                  Average   Half Width  Minimum    Maximum   Final Value
___________________________________________________________________________________________________

Entity 1.WIP                                14.172     (Corr)     .00000     39.000     38.000    
Resource 1.NumberBusy                       .98902     (Insuf)    .00000     1.0000     1.0000    
Resource 1.NumberScheduled                  1.0000     (Insuf)    1.0000     1.0000     1.0000    
Resource 1.Utilization                      .98902     (Insuf)    .00000     1.0000     1.0000    
Resource 2.NumberBusy                       .95657     .03343     .00000     2.0000     1.0000    
Resource 2.NumberScheduled                  2.0000     (Insuf)    2.0000     2.0000     2.0000    
Resource 2.Utilization                      .47828     .01672     .00000     1.0000     .50000    
Process 1.Queue.NumberInQueue               12.226     (Corr)     .00000     37.000     36.000    
Process 2.Queue.NumberInQueue               .00000     (Insuf)    .00000     .00000     .00000    

                                             OUTPUTS

Identifier                                   Value
_____________________________________________________________

Entity 1.NumberIn                           271.00    
Entity 1.NumberOut                          233.00    
Resource 1.NumberSeized                     235.00    
Resource 1.ScheduledUtilization             .98902    
Resource 2.NumberSeized                     234.00    
Resource 2.ScheduledUtilization             .47828    
System.NumberOut                            233.00    

Beginning replication 14 of 30

                                      ARENA Simulation Results
                                     User - License: 7328734345

                                  Summary for Replication 14 of 30

Project: Unnamed Project                                             Run execution date : 9/18/2018
Analyst: Rockwell Automation                                         Model revision date: 9/18/2018

Replication ended at time      : 240.0 Hours 
Base Time Units: Hours

                                           TALLY VARIABLES

Identifier                                  Average   Half Width  Minimum    Maximum   Observations
___________________________________________________________________________________________________

Entity 1.VATime                             2.0006     (Insuf)    1.4221     2.5822        224    
Entity 1.NVATime                            .00000     (Insuf)    .00000     .00000        224    
Entity 1.WaitTime                           5.2530     (Insuf)    .00000     13.718        224    
Entity 1.TranTime                           .00000     (Insuf)    .00000     .00000        224    
Entity 1.OtherTime                          .00000     (Insuf)    .00000     .00000        224    
Entity 1.TotalTime                          7.2536     (Insuf)    1.7288     15.848        224    
Process 1.Queue.WaitingTime                 5.3224     (Insuf)    .00000     13.718        227    
Process 2.Queue.WaitingTime                 .00000     (Insuf)    .00000     .00000        226    

                                     DISCRETE-CHANGE VARIABLES

Identifier                                  Average   Half Width  Minimum    Maximum   Final Value
___________________________________________________________________________________________________

Entity 1.WIP                                7.1068     (Corr)     .00000     16.000     16.000    
Resource 1.NumberBusy                       .94233     (Insuf)    .00000     1.0000     1.0000    
Resource 1.NumberScheduled                  1.0000     (Insuf)    1.0000     1.0000     1.0000    
Resource 1.Utilization                      .94233     (Insuf)    .00000     1.0000     1.0000    
Resource 2.NumberBusy                       .93712     (Corr)     .00000     2.0000     2.0000    
Resource 2.NumberScheduled                  2.0000     (Insuf)    2.0000     2.0000     2.0000    
Resource 2.Utilization                      .46856     (Corr)     .00000     1.0000     1.0000    
Process 1.Queue.NumberInQueue               5.2274     (Corr)     .00000     14.000     13.000    
Process 2.Queue.NumberInQueue               .00000     (Insuf)    .00000     .00000     .00000    

                                             OUTPUTS

Identifier                                   Value
_____________________________________________________________

Entity 1.NumberIn                           240.00    
Entity 1.NumberOut                          224.00    
Resource 1.NumberSeized                     227.00    
Resource 1.ScheduledUtilization             .94233    
Resource 2.NumberSeized                     226.00    
Resource 2.ScheduledUtilization             .46856    
System.NumberOut                            224.00    

Beginning replication 15 of 30

                                      ARENA Simulation Results
                                     User - License: 7328734345

                                  Summary for Replication 15 of 30

Project: Unnamed Project                                             Run execution date : 9/18/2018
Analyst: Rockwell Automation                                         Model revision date: 9/18/2018

Replication ended at time      : 240.0 Hours 
Base Time Units: Hours

                                           TALLY VARIABLES

Identifier                                  Average   Half Width  Minimum    Maximum   Observations
___________________________________________________________________________________________________

Entity 1.VATime                             1.9872     (Insuf)    1.2907     2.8669        230    
Entity 1.NVATime                            .00000     (Insuf)    .00000     .00000        230    
Entity 1.WaitTime                           3.6854     (Insuf)    .00000     12.219        230    
Entity 1.TranTime                           .00000     (Insuf)    .00000     .00000        230    
Entity 1.OtherTime                          .00000     (Insuf)    .00000     .00000        230    
Entity 1.TotalTime                          5.6726     (Insuf)    1.4755     14.027        230    
Process 1.Queue.WaitingTime                 3.7593     (Insuf)    .00000     12.324        232    
Process 2.Queue.WaitingTime                 .00000     (Insuf)    .00000     .00000        231    

                                     DISCRETE-CHANGE VARIABLES

Identifier                                  Average   Half Width  Minimum    Maximum   Final Value
___________________________________________________________________________________________________

Entity 1.WIP                                5.8268     (Corr)     .00000     17.000     15.000    
Resource 1.NumberBusy                       .96143     (Insuf)    .00000     1.0000     1.0000    
Resource 1.NumberScheduled                  1.0000     (Insuf)    1.0000     1.0000     1.0000    
Resource 1.Utilization                      .96143     (Insuf)    .00000     1.0000     1.0000    
Resource 2.NumberBusy                       .95111     (Corr)     .00000     2.0000     1.0000    
Resource 2.NumberScheduled                  2.0000     (Insuf)    2.0000     2.0000     2.0000    
Resource 2.Utilization                      .47555     (Corr)     .00000     1.0000     .50000    
Process 1.Queue.NumberInQueue               3.9142     (Corr)     .00000     15.000     13.000    
Process 2.Queue.NumberInQueue               .00000     (Insuf)    .00000     .00000     .00000    

                                             OUTPUTS

Identifier                                   Value
_____________________________________________________________

Entity 1.NumberIn                           245.00    
Entity 1.NumberOut                          230.00    
Resource 1.NumberSeized                     232.00    
Resource 1.ScheduledUtilization             .96143    
Resource 2.NumberSeized                     231.00    
Resource 2.ScheduledUtilization             .47555    
System.NumberOut                            230.00    

Beginning replication 16 of 30

                                      ARENA Simulation Results
                                     User - License: 7328734345

                                  Summary for Replication 16 of 30

Project: Unnamed Project                                             Run execution date : 9/18/2018
Analyst: Rockwell Automation                                         Model revision date: 9/18/2018

Replication ended at time      : 240.0 Hours 
Base Time Units: Hours

                                           TALLY VARIABLES

Identifier                                  Average   Half Width  Minimum    Maximum   Observations
___________________________________________________________________________________________________

Entity 1.VATime                             2.0054     (Insuf)    1.2171     2.8797        224    
Entity 1.NVATime                            .00000     (Insuf)    .00000     .00000        224    
Entity 1.WaitTime                           8.8250     (Insuf)    .00000     18.900        224    
Entity 1.TranTime                           .00000     (Insuf)    .00000     .00000        224    
Entity 1.OtherTime                          .00000     (Insuf)    .00000     .00000        224    
Entity 1.TotalTime                          10.830     (Insuf)    1.4946     20.753        224    
Process 1.Queue.WaitingTime                 8.8749     (Insuf)    .00000     18.900        226    
Process 2.Queue.WaitingTime                 .00000     (Insuf)    .00000     .00000        225    

                                     DISCRETE-CHANGE VARIABLES

Identifier                                  Average   Half Width  Minimum    Maximum   Final Value
___________________________________________________________________________________________________

Entity 1.WIP                                11.148     (Corr)     .00000     29.000     29.000    
Resource 1.NumberBusy                       .95885     (Insuf)    .00000     1.0000     1.0000    
Resource 1.NumberScheduled                  1.0000     (Insuf)    1.0000     1.0000     1.0000    
Resource 1.Utilization                      .95885     (Insuf)    .00000     1.0000     1.0000    
Resource 2.NumberBusy                       .92462     .04868     .00000     2.0000     1.0000    
Resource 2.NumberScheduled                  2.0000     (Insuf)    2.0000     2.0000     2.0000    
Resource 2.Utilization                      .46231     .02434     .00000     1.0000     .50000    
Process 1.Queue.NumberInQueue               9.2652     (Corr)     .00000     27.000     27.000    
Process 2.Queue.NumberInQueue               .00000     (Insuf)    .00000     .00000     .00000    

                                             OUTPUTS

Identifier                                   Value
_____________________________________________________________

Entity 1.NumberIn                           253.00    
Entity 1.NumberOut                          224.00    
Resource 1.NumberSeized                     226.00    
Resource 1.ScheduledUtilization             .95885    
Resource 2.NumberSeized                     225.00    
Resource 2.ScheduledUtilization             .46231    
System.NumberOut                            224.00    

Beginning replication 17 of 30

                                      ARENA Simulation Results
                                     User - License: 7328734345

                                  Summary for Replication 17 of 30

Project: Unnamed Project                                             Run execution date : 9/18/2018
Analyst: Rockwell Automation                                         Model revision date: 9/18/2018

Replication ended at time      : 240.0 Hours 
Base Time Units: Hours

                                           TALLY VARIABLES

Identifier                                  Average   Half Width  Minimum    Maximum   Observations
___________________________________________________________________________________________________

Entity 1.VATime                             2.0125     (Insuf)    1.1704     2.6711        217    
Entity 1.NVATime                            .00000     (Insuf)    .00000     .00000        217    
Entity 1.WaitTime                           5.9630     (Insuf)    .00000     17.792        217    
Entity 1.TranTime                           .00000     (Insuf)    .00000     .00000        217    
Entity 1.OtherTime                          .00000     (Insuf)    .00000     .00000        217    
Entity 1.TotalTime                          7.9755     (Insuf)    1.6156     19.591        217    
Process 1.Queue.WaitingTime                 6.0301     (Insuf)    .00000     17.792        220    
Process 2.Queue.WaitingTime                 .00000     (Insuf)    .00000     .00000        219    

                                     DISCRETE-CHANGE VARIABLES

Identifier                                  Average   Half Width  Minimum    Maximum   Final Value
___________________________________________________________________________________________________

Entity 1.WIP                                7.5555     (Corr)     .00000     20.000     15.000    
Resource 1.NumberBusy                       .91491     (Insuf)    .00000     1.0000     1.0000    
Resource 1.NumberScheduled                  1.0000     (Insuf)    1.0000     1.0000     1.0000    
Resource 1.Utilization                      .91491     (Insuf)    .00000     1.0000     1.0000    
Resource 2.NumberBusy                       .91890     .07533     .00000     2.0000     2.0000    
Resource 2.NumberScheduled                  2.0000     (Insuf)    2.0000     2.0000     2.0000    
Resource 2.Utilization                      .45945     .03767     .00000     1.0000     1.0000    
Process 1.Queue.NumberInQueue               5.7217     (Corr)     .00000     18.000     12.000    
Process 2.Queue.NumberInQueue               .00000     (Insuf)    .00000     .00000     .00000    

                                             OUTPUTS

Identifier                                   Value
_____________________________________________________________

Entity 1.NumberIn                           232.00    
Entity 1.NumberOut                          217.00    
Resource 1.NumberSeized                     220.00    
Resource 1.ScheduledUtilization             .91491    
Resource 2.NumberSeized                     219.00    
Resource 2.ScheduledUtilization             .45945    
System.NumberOut                            217.00    

Beginning replication 18 of 30

                                      ARENA Simulation Results
                                     User - License: 7328734345

                                  Summary for Replication 18 of 30

Project: Unnamed Project                                             Run execution date : 9/18/2018
Analyst: Rockwell Automation                                         Model revision date: 9/18/2018

Replication ended at time      : 240.0 Hours 
Base Time Units: Hours

                                           TALLY VARIABLES

Identifier                                  Average   Half Width  Minimum    Maximum   Observations
___________________________________________________________________________________________________

Entity 1.VATime                             1.9958     (Insuf)    1.2538     2.7480        236    
Entity 1.NVATime                            .00000     (Insuf)    .00000     .00000        236    
Entity 1.WaitTime                           4.9984     (Insuf)    .00000     15.518        236    
Entity 1.TranTime                           .00000     (Insuf)    .00000     .00000        236    
Entity 1.OtherTime                          .00000     (Insuf)    .00000     .00000        236    
Entity 1.TotalTime                          6.9943     (Insuf)    1.4141     17.635        236    
Process 1.Queue.WaitingTime                 4.9648     (Insuf)    .00000     15.518        238    
Process 2.Queue.WaitingTime                 .00000     (Insuf)    .00000     .00000        237    

                                     DISCRETE-CHANGE VARIABLES

Identifier                                  Average   Half Width  Minimum    Maximum   Final Value
___________________________________________________________________________________________________

Entity 1.WIP                                6.8960     (Corr)     .00000     17.000     3.0000    
Resource 1.NumberBusy                       .96980     (Insuf)    .00000     1.0000     1.0000    
Resource 1.NumberScheduled                  1.0000     (Insuf)    1.0000     1.0000     1.0000    
Resource 1.Utilization                      .96980     (Insuf)    .00000     1.0000     1.0000    
Resource 2.NumberBusy                       .99985     .03762     .00000     2.0000     1.0000    
Resource 2.NumberScheduled                  2.0000     (Insuf)    2.0000     2.0000     2.0000    
Resource 2.Utilization                      .49992     .01881     .00000     1.0000     .50000    
Process 1.Queue.NumberInQueue               4.9263     (Corr)     .00000     15.000     1.0000    
Process 2.Queue.NumberInQueue               .00000     (Insuf)    .00000     .00000     .00000    

                                             OUTPUTS

Identifier                                   Value
_____________________________________________________________

Entity 1.NumberIn                           239.00    
Entity 1.NumberOut                          236.00    
Resource 1.NumberSeized                     238.00    
Resource 1.ScheduledUtilization             .96980    
Resource 2.NumberSeized                     237.00    
Resource 2.ScheduledUtilization             .49992    
System.NumberOut                            236.00    

Beginning replication 19 of 30

                                      ARENA Simulation Results
                                     User - License: 7328734345

                                  Summary for Replication 19 of 30

Project: Unnamed Project                                             Run execution date : 9/18/2018
Analyst: Rockwell Automation                                         Model revision date: 9/18/2018

Replication ended at time      : 240.0 Hours 
Base Time Units: Hours

                                           TALLY VARIABLES

Identifier                                  Average   Half Width  Minimum    Maximum   Observations
___________________________________________________________________________________________________

Entity 1.VATime                             2.0135     (Insuf)    1.3432     2.9155        211    
Entity 1.NVATime                            .00000     (Insuf)    .00000     .00000        211    
Entity 1.WaitTime                           4.4190     (Insuf)    .00000     11.564        211    
Entity 1.TranTime                           .00000     (Insuf)    .00000     .00000        211    
Entity 1.OtherTime                          .00000     (Insuf)    .00000     .00000        211    
Entity 1.TotalTime                          6.4326     (Insuf)    1.3515     13.301        211    
Process 1.Queue.WaitingTime                 4.4521     (Insuf)    .00000     11.564        212    
Process 2.Queue.WaitingTime                 .00000     (Insuf)    .00000     .00000        211    

                                     DISCRETE-CHANGE VARIABLES

Identifier                                  Average   Half Width  Minimum    Maximum   Final Value
___________________________________________________________________________________________________

Entity 1.WIP                                6.2370     (Corr)     .00000     21.000     17.000    
Resource 1.NumberBusy                       .90926     (Insuf)    .00000     1.0000     1.0000    
Resource 1.NumberScheduled                  1.0000     (Insuf)    1.0000     1.0000     1.0000    
Resource 1.Utilization                      .90926     (Insuf)    .00000     1.0000     1.0000    
Resource 2.NumberBusy                       .86439     (Corr)     .00000     2.0000     .00000    
Resource 2.NumberScheduled                  2.0000     (Insuf)    2.0000     2.0000     2.0000    
Resource 2.Utilization                      .43220     (Corr)     .00000     1.0000     .00000    
Process 1.Queue.NumberInQueue               4.4633     (Corr)     .00000     19.000     16.000    
Process 2.Queue.NumberInQueue               .00000     (Insuf)    .00000     .00000     .00000    

                                             OUTPUTS

Identifier                                   Value
_____________________________________________________________

Entity 1.NumberIn                           228.00    
Entity 1.NumberOut                          211.00    
Resource 1.NumberSeized                     212.00    
Resource 1.ScheduledUtilization             .90926    
Resource 2.NumberSeized                     211.00    
Resource 2.ScheduledUtilization             .43220    
System.NumberOut                            211.00    

Beginning replication 20 of 30

                                      ARENA Simulation Results
                                     User - License: 7328734345

                                  Summary for Replication 20 of 30

Project: Unnamed Project                                             Run execution date : 9/18/2018
Analyst: Rockwell Automation                                         Model revision date: 9/18/2018

Replication ended at time      : 240.0 Hours 
Base Time Units: Hours

                                           TALLY VARIABLES

Identifier                                  Average   Half Width  Minimum    Maximum   Observations
___________________________________________________________________________________________________

Entity 1.VATime                             2.0016     (Insuf)    1.1246     2.7041        224    
Entity 1.NVATime                            .00000     (Insuf)    .00000     .00000        224    
Entity 1.WaitTime                           3.7947     (Insuf)    .00000     9.7861        224    
Entity 1.TranTime                           .00000     (Insuf)    .00000     .00000        224    
Entity 1.OtherTime                          .00000     (Insuf)    .00000     .00000        224    
Entity 1.TotalTime                          5.7964     (Insuf)    1.7600     11.908        224    
Process 1.Queue.WaitingTime                 3.8438     (Insuf)    .00000     9.7861        227    
Process 2.Queue.WaitingTime                 .00000     (Insuf)    .00000     .00000        226    

                                     DISCRETE-CHANGE VARIABLES

Identifier                                  Average   Half Width  Minimum    Maximum   Final Value
___________________________________________________________________________________________________

Entity 1.WIP                                5.5789     (Corr)     .00000     13.000     7.0000    
Resource 1.NumberBusy                       .92888     (Insuf)    .00000     1.0000     1.0000    
Resource 1.NumberScheduled                  1.0000     (Insuf)    1.0000     1.0000     1.0000    
Resource 1.Utilization                      .92888     (Insuf)    .00000     1.0000     1.0000    
Resource 2.NumberBusy                       .95119     .05259     .00000     2.0000     2.0000    
Resource 2.NumberScheduled                  2.0000     (Insuf)    2.0000     2.0000     2.0000    
Resource 2.Utilization                      .47560     .02629     .00000     1.0000     1.0000    
Process 1.Queue.NumberInQueue               3.6988     (Corr)     .00000     11.000     4.0000    
Process 2.Queue.NumberInQueue               .00000     (Insuf)    .00000     .00000     .00000    

                                             OUTPUTS

Identifier                                   Value
_____________________________________________________________

Entity 1.NumberIn                           231.00    
Entity 1.NumberOut                          224.00    
Resource 1.NumberSeized                     227.00    
Resource 1.ScheduledUtilization             .92888    
Resource 2.NumberSeized                     226.00    
Resource 2.ScheduledUtilization             .47560    
System.NumberOut                            224.00    

Beginning replication 21 of 30

                                      ARENA Simulation Results
                                     User - License: 7328734345

                                  Summary for Replication 21 of 30

Project: Unnamed Project                                             Run execution date : 9/18/2018
Analyst: Rockwell Automation                                         Model revision date: 9/18/2018

Replication ended at time      : 240.0 Hours 
Base Time Units: Hours

                                           TALLY VARIABLES

Identifier                                  Average   Half Width  Minimum    Maximum   Observations
___________________________________________________________________________________________________

Entity 1.VATime                             2.0136     (Insuf)    1.3290     2.7177        237    
Entity 1.NVATime                            .00000     (Insuf)    .00000     .00000        237    
Entity 1.WaitTime                           15.951     (Insuf)    .00000     25.698        237    
Entity 1.TranTime                           .00000     (Insuf)    .00000     .00000        237    
Entity 1.OtherTime                          .00000     (Insuf)    .00000     .00000        237    
Entity 1.TotalTime                          17.965     (Insuf)    2.0768     27.608        237    
Process 1.Queue.WaitingTime                 15.958     (Insuf)    .00000     25.698        239    
Process 2.Queue.WaitingTime                 .00000     (Insuf)    .00000     .00000        238    

                                     DISCRETE-CHANGE VARIABLES

Identifier                                  Average   Half Width  Minimum    Maximum   Final Value
___________________________________________________________________________________________________

Entity 1.WIP                                18.698     (Corr)     .00000     28.000     22.000    
Resource 1.NumberBusy                       .99767     (Insuf)    .00000     1.0000     1.0000    
Resource 1.NumberScheduled                  1.0000     (Insuf)    1.0000     1.0000     1.0000    
Resource 1.Utilization                      .99767     (Insuf)    .00000     1.0000     1.0000    
Resource 2.NumberBusy                       1.0043     .03966     .00000     2.0000     1.0000    
Resource 2.NumberScheduled                  2.0000     (Insuf)    2.0000     2.0000     2.0000    
Resource 2.Utilization                      .50215     .01983     .00000     1.0000     .50000    
Process 1.Queue.NumberInQueue               16.696     (Corr)     .00000     26.000     20.000    
Process 2.Queue.NumberInQueue               .00000     (Insuf)    .00000     .00000     .00000    

                                             OUTPUTS

Identifier                                   Value
_____________________________________________________________

Entity 1.NumberIn                           259.00    
Entity 1.NumberOut                          237.00    
Resource 1.NumberSeized                     239.00    
Resource 1.ScheduledUtilization             .99767    
Resource 2.NumberSeized                     238.00    
Resource 2.ScheduledUtilization             .50215    
System.NumberOut                            237.00    

Beginning replication 22 of 30

                                      ARENA Simulation Results
                                     User - License: 7328734345

                                  Summary for Replication 22 of 30

Project: Unnamed Project                                             Run execution date : 9/18/2018
Analyst: Rockwell Automation                                         Model revision date: 9/18/2018

Replication ended at time      : 240.0 Hours 
Base Time Units: Hours

                                           TALLY VARIABLES

Identifier                                  Average   Half Width  Minimum    Maximum   Observations
___________________________________________________________________________________________________

Entity 1.VATime                             2.0172     (Insuf)    1.4771     2.6139        214    
Entity 1.NVATime                            .00000     (Insuf)    .00000     .00000        214    
Entity 1.WaitTime                           2.2540     (Insuf)    .00000     6.1116        214    
Entity 1.TranTime                           .00000     (Insuf)    .00000     .00000        214    
Entity 1.OtherTime                          .00000     (Insuf)    .00000     .00000        214    
Entity 1.TotalTime                          4.2713     (Insuf)    1.6367     8.1058        214    
Process 1.Queue.WaitingTime                 2.2906     (Insuf)    .00000     6.1116        217    
Process 2.Queue.WaitingTime                 .00000     (Insuf)    .00000     .00000        216    

                                     DISCRETE-CHANGE VARIABLES

Identifier                                  Average   Half Width  Minimum    Maximum   Final Value
___________________________________________________________________________________________________

Entity 1.WIP                                3.9370     (Corr)     .00000     9.0000     8.0000    
Resource 1.NumberBusy                       .91818     (Insuf)    .00000     1.0000     1.0000    
Resource 1.NumberScheduled                  1.0000     (Insuf)    1.0000     1.0000     1.0000    
Resource 1.Utilization                      .91818     (Insuf)    .00000     1.0000     1.0000    
Resource 2.NumberBusy                       .89516     .05684     .00000     2.0000     2.0000    
Resource 2.NumberScheduled                  2.0000     (Insuf)    2.0000     2.0000     2.0000    
Resource 2.Utilization                      .44758     .02842     .00000     1.0000     1.0000    
Process 1.Queue.NumberInQueue               2.1237     (Corr)     .00000     7.0000     5.0000    
Process 2.Queue.NumberInQueue               .00000     (Insuf)    .00000     .00000     .00000    

                                             OUTPUTS

Identifier                                   Value
_____________________________________________________________

Entity 1.NumberIn                           222.00    
Entity 1.NumberOut                          214.00    
Resource 1.NumberSeized                     217.00    
Resource 1.ScheduledUtilization             .91818    
Resource 2.NumberSeized                     216.00    
Resource 2.ScheduledUtilization             .44758    
System.NumberOut                            214.00    

Beginning replication 23 of 30

                                      ARENA Simulation Results
                                     User - License: 7328734345

                                  Summary for Replication 23 of 30

Project: Unnamed Project                                             Run execution date : 9/18/2018
Analyst: Rockwell Automation                                         Model revision date: 9/18/2018

Replication ended at time      : 240.0 Hours 
Base Time Units: Hours

                                           TALLY VARIABLES

Identifier                                  Average   Half Width  Minimum    Maximum   Observations
___________________________________________________________________________________________________

Entity 1.VATime                             2.0157     (Insuf)    1.3414     2.7547        224    
Entity 1.NVATime                            .00000     (Insuf)    .00000     .00000        224    
Entity 1.WaitTime                           2.4770     (Insuf)    .00000     7.6428        224    
Entity 1.TranTime                           .00000     (Insuf)    .00000     .00000        224    
Entity 1.OtherTime                          .00000     (Insuf)    .00000     .00000        224    
Entity 1.TotalTime                          4.4928     (Insuf)    1.3414     9.8355        224    
Process 1.Queue.WaitingTime                 2.4901     (Insuf)    .00000     7.6428        225    
Process 2.Queue.WaitingTime                 .00000     (Insuf)    .00000     .00000        224    

                                     DISCRETE-CHANGE VARIABLES

Identifier                                  Average   Half Width  Minimum    Maximum   Final Value
___________________________________________________________________________________________________

Entity 1.WIP                                4.2925     (Corr)     .00000     10.000     4.0000    
Resource 1.NumberBusy                       .93810     (Insuf)    .00000     1.0000     1.0000    
Resource 1.NumberScheduled                  1.0000     (Insuf)    1.0000     1.0000     1.0000    
Resource 1.Utilization                      .93810     (Insuf)    .00000     1.0000     1.0000    
Resource 2.NumberBusy                       .94773     .05716     .00000     2.0000     .00000    
Resource 2.NumberScheduled                  2.0000     (Insuf)    2.0000     2.0000     2.0000    
Resource 2.Utilization                      .47386     .02858     .00000     1.0000     .00000    
Process 1.Queue.NumberInQueue               2.4067     (Corr)     .00000     8.0000     3.0000    
Process 2.Queue.NumberInQueue               .00000     (Insuf)    .00000     .00000     .00000    

                                             OUTPUTS

Identifier                                   Value
_____________________________________________________________

Entity 1.NumberIn                           228.00    
Entity 1.NumberOut                          224.00    
Resource 1.NumberSeized                     225.00    
Resource 1.ScheduledUtilization             .93810    
Resource 2.NumberSeized                     224.00    
Resource 2.ScheduledUtilization             .47386    
System.NumberOut                            224.00    

Beginning replication 24 of 30

                                      ARENA Simulation Results
                                     User - License: 7328734345

                                  Summary for Replication 24 of 30

Project: Unnamed Project                                             Run execution date : 9/18/2018
Analyst: Rockwell Automation                                         Model revision date: 9/18/2018

Replication ended at time      : 240.0 Hours 
Base Time Units: Hours

                                           TALLY VARIABLES

Identifier                                  Average   Half Width  Minimum    Maximum   Observations
___________________________________________________________________________________________________

Entity 1.VATime                             2.0394     (Insuf)    1.2868     2.8272        203    
Entity 1.NVATime                            .00000     (Insuf)    .00000     .00000        203    
Entity 1.WaitTime                           2.5227     (Insuf)    .00000     10.174        203    
Entity 1.TranTime                           .00000     (Insuf)    .00000     .00000        203    
Entity 1.OtherTime                          .00000     (Insuf)    .00000     .00000        203    
Entity 1.TotalTime                          4.5622     (Insuf)    1.2868     12.127        203    
Process 1.Queue.WaitingTime                 2.5113     (Insuf)    .00000     10.174        205    
Process 2.Queue.WaitingTime                 .00000     (Insuf)    .00000     .00000        204    

                                     DISCRETE-CHANGE VARIABLES

Identifier                                  Average   Half Width  Minimum    Maximum   Final Value
___________________________________________________________________________________________________

Entity 1.WIP                                3.8803     (Corr)     .00000     13.000     4.0000    
Resource 1.NumberBusy                       .86394     (Insuf)    .00000     1.0000     1.0000    
Resource 1.NumberScheduled                  1.0000     (Insuf)    1.0000     1.0000     1.0000    
Resource 1.Utilization                      .86394     (Insuf)    .00000     1.0000     1.0000    
Resource 2.NumberBusy                       .86928     .08927     .00000     2.0000     1.0000    
Resource 2.NumberScheduled                  2.0000     (Insuf)    2.0000     2.0000     2.0000    
Resource 2.Utilization                      .43464     .04463     .00000     1.0000     .50000    
Process 1.Queue.NumberInQueue               2.1470     (Corr)     .00000     11.000     2.0000    
Process 2.Queue.NumberInQueue               .00000     (Insuf)    .00000     .00000     .00000    

                                             OUTPUTS

Identifier                                   Value
_____________________________________________________________

Entity 1.NumberIn                           207.00    
Entity 1.NumberOut                          203.00    
Resource 1.NumberSeized                     205.00    
Resource 1.ScheduledUtilization             .86394    
Resource 2.NumberSeized                     204.00    
Resource 2.ScheduledUtilization             .43464    
System.NumberOut                            203.00    

Beginning replication 25 of 30

                                      ARENA Simulation Results
                                     User - License: 7328734345

                                  Summary for Replication 25 of 30

Project: Unnamed Project                                             Run execution date : 9/18/2018
Analyst: Rockwell Automation                                         Model revision date: 9/18/2018

Replication ended at time      : 240.0 Hours 
Base Time Units: Hours

                                           TALLY VARIABLES

Identifier                                  Average   Half Width  Minimum    Maximum   Observations
___________________________________________________________________________________________________

Entity 1.VATime                             1.9750     (Insuf)    1.3128     2.7033        242    
Entity 1.NVATime                            .00000     (Insuf)    .00000     .00000        242    
Entity 1.WaitTime                           11.499     (Insuf)    .00000     22.419        242    
Entity 1.TranTime                           .00000     (Insuf)    .00000     .00000        242    
Entity 1.OtherTime                          .00000     (Insuf)    .00000     .00000        242    
Entity 1.TotalTime                          13.474     (Insuf)    1.5572     24.244        242    
Process 1.Queue.WaitingTime                 11.562     (Insuf)    .00000     22.419        244    
Process 2.Queue.WaitingTime                 1.5609E-04 (Insuf)    .00000     .03793        243    

                                     DISCRETE-CHANGE VARIABLES

Identifier                                  Average   Half Width  Minimum    Maximum   Final Value
___________________________________________________________________________________________________

Entity 1.WIP                                15.001     (Corr)     .00000     31.000     28.000    
Resource 1.NumberBusy                       .98920     (Insuf)    .00000     1.0000     1.0000    
Resource 1.NumberScheduled                  1.0000     (Insuf)    1.0000     1.0000     1.0000    
Resource 1.Utilization                      .98920     (Insuf)    .00000     1.0000     1.0000    
Resource 2.NumberBusy                       1.0109     .04307     .00000     2.0000     1.0000    
Resource 2.NumberScheduled                  2.0000     (Insuf)    2.0000     2.0000     2.0000    
Resource 2.Utilization                      .50547     .02154     .00000     1.0000     .50000    
Process 1.Queue.NumberInQueue               13.001     (Corr)     .00000     28.000     26.000    
Process 2.Queue.NumberInQueue               1.5804E-04 (Insuf)    .00000     1.0000     .00000    

                                             OUTPUTS

Identifier                                   Value
_____________________________________________________________

Entity 1.NumberIn                           270.00    
Entity 1.NumberOut                          242.00    
Resource 1.NumberSeized                     244.00    
Resource 1.ScheduledUtilization             .98920    
Resource 2.NumberSeized                     243.00    
Resource 2.ScheduledUtilization             .50547    
System.NumberOut                            242.00    

Beginning replication 26 of 30

                                      ARENA Simulation Results
                                     User - License: 7328734345

                                  Summary for Replication 26 of 30

Project: Unnamed Project                                             Run execution date : 9/18/2018
Analyst: Rockwell Automation                                         Model revision date: 9/18/2018

Replication ended at time      : 240.0 Hours 
Base Time Units: Hours

                                           TALLY VARIABLES

Identifier                                  Average   Half Width  Minimum    Maximum   Observations
___________________________________________________________________________________________________

Entity 1.VATime                             1.9976     (Insuf)    1.2758     2.7042        209    
Entity 1.NVATime                            .00000     (Insuf)    .00000     .00000        209    
Entity 1.WaitTime                           4.2243     (Insuf)    .00000     15.458        209    
Entity 1.TranTime                           .00000     (Insuf)    .00000     .00000        209    
Entity 1.OtherTime                          .00000     (Insuf)    .00000     .00000        209    
Entity 1.TotalTime                          6.2219     (Insuf)    1.2758     17.562        209    
Process 1.Queue.WaitingTime                 4.2042     (Insuf)    .00000     15.458        210    
Process 2.Queue.WaitingTime                 .00000     (Insuf)    .00000     .00000        209    

                                     DISCRETE-CHANGE VARIABLES

Identifier                                  Average   Half Width  Minimum    Maximum   Final Value
___________________________________________________________________________________________________

Entity 1.WIP                                5.4290     (Corr)     .00000     19.000     3.0000    
Resource 1.NumberBusy                       .87629     (Insuf)    .00000     1.0000     1.0000    
Resource 1.NumberScheduled                  1.0000     (Insuf)    1.0000     1.0000     1.0000    
Resource 1.Utilization                      .87629     (Insuf)    .00000     1.0000     1.0000    
Resource 2.NumberBusy                       .86818     .07688     .00000     2.0000     .00000    
Resource 2.NumberScheduled                  2.0000     (Insuf)    2.0000     2.0000     2.0000    
Resource 2.Utilization                      .43409     .03844     .00000     1.0000     .00000    
Process 1.Queue.NumberInQueue               3.6846     (Corr)     .00000     17.000     2.0000    
Process 2.Queue.NumberInQueue               .00000     (Insuf)    .00000     .00000     .00000    

                                             OUTPUTS

Identifier                                   Value
_____________________________________________________________

Entity 1.NumberIn                           212.00    
Entity 1.NumberOut                          209.00    
Resource 1.NumberSeized                     210.00    
Resource 1.ScheduledUtilization             .87629    
Resource 2.NumberSeized                     209.00    
Resource 2.ScheduledUtilization             .43409    
System.NumberOut                            209.00    

Beginning replication 27 of 30

                                      ARENA Simulation Results
                                     User - License: 7328734345

                                  Summary for Replication 27 of 30

Project: Unnamed Project                                             Run execution date : 9/18/2018
Analyst: Rockwell Automation                                         Model revision date: 9/18/2018

Replication ended at time      : 240.0 Hours 
Base Time Units: Hours

                                           TALLY VARIABLES

Identifier                                  Average   Half Width  Minimum    Maximum   Observations
___________________________________________________________________________________________________

Entity 1.VATime                             2.0045     (Insuf)    1.3244     2.7519        228    
Entity 1.NVATime                            .00000     (Insuf)    .00000     .00000        228    
Entity 1.WaitTime                           9.6465     (Insuf)    .00000     24.825        228    
Entity 1.TranTime                           .00000     (Insuf)    .00000     .00000        228    
Entity 1.OtherTime                          .00000     (Insuf)    .00000     .00000        228    
Entity 1.TotalTime                          11.651     (Insuf)    1.5008     26.986        228    
Process 1.Queue.WaitingTime                 9.7427     (Insuf)    .00000     24.825        230    
Process 2.Queue.WaitingTime                 .00119     (Insuf)    .00000     .15764        229    

                                     DISCRETE-CHANGE VARIABLES

Identifier                                  Average   Half Width  Minimum    Maximum   Final Value
___________________________________________________________________________________________________

Entity 1.WIP                                12.211     (Corr)     .00000     27.000     25.000    
Resource 1.NumberBusy                       .96453     (Insuf)    .00000     1.0000     1.0000    
Resource 1.NumberScheduled                  1.0000     (Insuf)    1.0000     1.0000     1.0000    
Resource 1.Utilization                      .96453     (Insuf)    .00000     1.0000     1.0000    
Resource 2.NumberBusy                       .94695     .05431     .00000     2.0000     1.0000    
Resource 2.NumberScheduled                  2.0000     (Insuf)    2.0000     2.0000     2.0000    
Resource 2.Utilization                      .47347     .02715     .00000     1.0000     .50000    
Process 1.Queue.NumberInQueue               10.299     (Corr)     .00000     25.000     23.000    
Process 2.Queue.NumberInQueue               .00114     (Insuf)    .00000     1.0000     .00000    

                                             OUTPUTS

Identifier                                   Value
_____________________________________________________________

Entity 1.NumberIn                           253.00    
Entity 1.NumberOut                          228.00    
Resource 1.NumberSeized                     230.00    
Resource 1.ScheduledUtilization             .96453    
Resource 2.NumberSeized                     229.00    
Resource 2.ScheduledUtilization             .47347    
System.NumberOut                            228.00    

Beginning replication 28 of 30

                                      ARENA Simulation Results
                                     User - License: 7328734345

                                  Summary for Replication 28 of 30

Project: Unnamed Project                                             Run execution date : 9/18/2018
Analyst: Rockwell Automation                                         Model revision date: 9/18/2018

Replication ended at time      : 240.0 Hours 
Base Time Units: Hours

                                           TALLY VARIABLES

Identifier                                  Average   Half Width  Minimum    Maximum   Observations
___________________________________________________________________________________________________

Entity 1.VATime                             1.9643     (Insuf)    1.3049     2.7229        221    
Entity 1.NVATime                            .00000     (Insuf)    .00000     .00000        221    
Entity 1.WaitTime                           2.8817     (Insuf)    .00000     7.5230        221    
Entity 1.TranTime                           .00000     (Insuf)    .00000     .00000        221    
Entity 1.OtherTime                          .00000     (Insuf)    .00000     .00000        221    
Entity 1.TotalTime                          4.8461     (Insuf)    1.4866     9.4447        221    
Process 1.Queue.WaitingTime                 2.8459     (Insuf)    .00000     7.5230        224    
Process 2.Queue.WaitingTime                 .00000     (Insuf)    .00000     .00000        223    

                                     DISCRETE-CHANGE VARIABLES

Identifier                                  Average   Half Width  Minimum    Maximum   Final Value
___________________________________________________________________________________________________

Entity 1.WIP                                4.4833     (Corr)     .00000     10.000     3.0000    
Resource 1.NumberBusy                       .92913     (Insuf)    .00000     1.0000     1.0000    
Resource 1.NumberScheduled                  1.0000     (Insuf)    1.0000     1.0000     1.0000    
Resource 1.Utilization                      .92913     (Insuf)    .00000     1.0000     1.0000    
Resource 2.NumberBusy                       .89808     .04695     .00000     2.0000     2.0000    
Resource 2.NumberScheduled                  2.0000     (Insuf)    2.0000     2.0000     2.0000    
Resource 2.Utilization                      .44904     .02348     .00000     1.0000     1.0000    
Process 1.Queue.NumberInQueue               2.6561     (Corr)     .00000     8.0000     .00000    
Process 2.Queue.NumberInQueue               .00000     (Insuf)    .00000     .00000     .00000    

                                             OUTPUTS

Identifier                                   Value
_____________________________________________________________

Entity 1.NumberIn                           224.00    
Entity 1.NumberOut                          221.00    
Resource 1.NumberSeized                     224.00    
Resource 1.ScheduledUtilization             .92913    
Resource 2.NumberSeized                     223.00    
Resource 2.ScheduledUtilization             .44904    
System.NumberOut                            221.00    

Beginning replication 29 of 30

                                      ARENA Simulation Results
                                     User - License: 7328734345

                                  Summary for Replication 29 of 30

Project: Unnamed Project                                             Run execution date : 9/18/2018
Analyst: Rockwell Automation                                         Model revision date: 9/18/2018

Replication ended at time      : 240.0 Hours 
Base Time Units: Hours

                                           TALLY VARIABLES

Identifier                                  Average   Half Width  Minimum    Maximum   Observations
___________________________________________________________________________________________________

Entity 1.VATime                             2.0088     (Insuf)    1.2269     2.6724        212    
Entity 1.NVATime                            .00000     (Insuf)    .00000     .00000        212    
Entity 1.WaitTime                           3.0742     (Insuf)    .00000     10.555        212    
Entity 1.TranTime                           .00000     (Insuf)    .00000     .00000        212    
Entity 1.OtherTime                          .00000     (Insuf)    .00000     .00000        212    
Entity 1.TotalTime                          5.0831     (Insuf)    1.2269     12.736        212    
Process 1.Queue.WaitingTime                 3.1339     (Insuf)    .00000     10.555        214    
Process 2.Queue.WaitingTime                 4.0777E-04 (Insuf)    .00000     .08685        213    

                                     DISCRETE-CHANGE VARIABLES

Identifier                                  Average   Half Width  Minimum    Maximum   Final Value
___________________________________________________________________________________________________

Entity 1.WIP                                4.7383     (Corr)     .00000     13.000     12.000    
Resource 1.NumberBusy                       .91091     (Insuf)    .00000     1.0000     1.0000    
Resource 1.NumberScheduled                  1.0000     (Insuf)    1.0000     1.0000     1.0000    
Resource 1.Utilization                      .91091     (Insuf)    .00000     1.0000     1.0000    
Resource 2.NumberBusy                       .87369     .05231     .00000     2.0000     1.0000    
Resource 2.NumberScheduled                  2.0000     (Insuf)    2.0000     2.0000     2.0000    
Resource 2.Utilization                      .43684     .02616     .00000     1.0000     .50000    
Process 1.Queue.NumberInQueue               2.9533     (Corr)     .00000     10.000     10.000    
Process 2.Queue.NumberInQueue               3.6190E-04 (Insuf)    .00000     1.0000     .00000    

                                             OUTPUTS

Identifier                                   Value
_____________________________________________________________

Entity 1.NumberIn                           224.00    
Entity 1.NumberOut                          212.00    
Resource 1.NumberSeized                     214.00    
Resource 1.ScheduledUtilization             .91091    
Resource 2.NumberSeized                     213.00    
Resource 2.ScheduledUtilization             .43684    
System.NumberOut                            212.00    

Beginning replication 30 of 30

                                      ARENA Simulation Results
                                     User - License: 7328734345

                                  Summary for Replication 30 of 30

Project: Unnamed Project                                             Run execution date : 9/18/2018
Analyst: Rockwell Automation                                         Model revision date: 9/18/2018

Replication ended at time      : 240.0 Hours 
Base Time Units: Hours

                                           TALLY VARIABLES

Identifier                                  Average   Half Width  Minimum    Maximum   Observations
___________________________________________________________________________________________________

Entity 1.VATime                             1.9861     (Insuf)    1.1560     2.6409        218    
Entity 1.NVATime                            .00000     (Insuf)    .00000     .00000        218    
Entity 1.WaitTime                           3.3849     (Insuf)    .00000     11.706        218    
Entity 1.TranTime                           .00000     (Insuf)    .00000     .00000        218    
Entity 1.OtherTime                          .00000     (Insuf)    .00000     .00000        218    
Entity 1.TotalTime                          5.3710     (Insuf)    1.1560     14.347        218    
Process 1.Queue.WaitingTime                 3.3869     (Insuf)    .00000     11.706        221    
Process 2.Queue.WaitingTime                 .00000     (Insuf)    .00000     .00000        220    

                                     DISCRETE-CHANGE VARIABLES

Identifier                                  Average   Half Width  Minimum    Maximum   Final Value
___________________________________________________________________________________________________

Entity 1.WIP                                4.9430     (Corr)     .00000     14.000     4.0000    
Resource 1.NumberBusy                       .91487     (Insuf)    .00000     1.0000     1.0000    
Resource 1.NumberScheduled                  1.0000     (Insuf)    1.0000     1.0000     1.0000    
Resource 1.Utilization                      .91487     (Insuf)    .00000     1.0000     1.0000    
Resource 2.NumberBusy                       .90004     .05966     .00000     2.0000     2.0000    
Resource 2.NumberScheduled                  2.0000     (Insuf)    2.0000     2.0000     2.0000    
Resource 2.Utilization                      .45002     .02983     .00000     1.0000     1.0000    
Process 1.Queue.NumberInQueue               3.1281     (Corr)     .00000     13.000     1.0000    
Process 2.Queue.NumberInQueue               .00000     (Insuf)    .00000     .00000     .00000    

                                             OUTPUTS

Identifier                                   Value
_____________________________________________________________

Entity 1.NumberIn                           222.00    
Entity 1.NumberOut                          218.00    
Resource 1.NumberSeized                     221.00    
Resource 1.ScheduledUtilization             .91487    
Resource 2.NumberSeized                     220.00    
Resource 2.ScheduledUtilization             .45002    
System.NumberOut                            218.00    


                                      ARENA Simulation Results
                                     User - License: 7328734345

                                 Output Summary for 30 Replications

Project: Unnamed Project                                             Run execution date : 9/18/2018
Analyst: Rockwell Automation                                         Model revision date: 9/18/2018


                                             OUTPUTS

Identifier                                 Average    Half-width Minimum    Maximum # Replications
___________________________________________________________________________________________________

Entity 1.NumberIn                           239.16     6.2745     207.00     271.00     30
Entity 1.NumberOut                          225.33     3.5870     203.00     242.00     30
Resource 1.NumberSeized                     227.43     3.5981     205.00     244.00     30
Resource 1.ScheduledUtilization             .94543     .01313     .86394     1.0000     30
Resource 2.NumberSeized                     226.43     3.5981     204.00     243.00     30
Resource 2.ScheduledUtilization             .46982     .00816     .43220     .50866     30
System.NumberOut                            225.33     3.5870     203.00     242.00     30

Simulation run time: 0.02 minutes.
Simulation run complete.
