
                                      ARENA Simulation Results
                                     User - License: 7328734345

                                  Summary for Replication 1 of 30

Project: Unnamed Project                                             Run execution date : 9/18/2018
Analyst: Rockwell Automation                                         Model revision date: 9/18/2018

Replication ended at time      : 240.0 Hours 
Base Time Units: Hours

                                           TALLY VARIABLES

Identifier                                  Average   Half Width  Minimum    Maximum   Observations
___________________________________________________________________________________________________

Entity 1.VATime                             1.9743     (Insuf)    1.2592     2.7827        225    
Entity 1.NVATime                            .00000     (Insuf)    .00000     .00000        225    
Entity 1.WaitTime                           .15987     (Insuf)    .00000     2.0249        225    
Entity 1.TranTime                           .00000     (Insuf)    .00000     .00000        225    
Entity 1.OtherTime                          .00000     (Insuf)    .00000     .00000        225    
Entity 1.TotalTime                          2.1342     (Insuf)    1.3247     4.0665        225    
Process 1.Queue.WaitingTime                 .12310     (Insuf)    .00000     1.2645        227    
Process 2.Queue.WaitingTime                 .03551     (Insuf)    .00000     .77001        226    

                                     DISCRETE-CHANGE VARIABLES

Identifier                                  Average   Half Width  Minimum    Maximum   Final Value
___________________________________________________________________________________________________

Entity 1.WIP                                2.0106     .29887     .00000     7.0000     2.0000    
Resource 1.NumberBusy                       .96056     .13083     .00000     2.0000     1.0000    
Resource 1.NumberScheduled                  2.0000     (Insuf)    2.0000     2.0000     2.0000    
Resource 1.Utilization                      .48028     .06541     .00000     1.0000     .50000    
Resource 2.NumberBusy                       .90016     .12117     .00000     2.0000     1.0000    
Resource 2.NumberScheduled                  2.0000     (Insuf)    2.0000     2.0000     2.0000    
Resource 2.Utilization                      .45008     .06059     .00000     1.0000     .50000    
Process 1.Queue.NumberInQueue               .11644     (Insuf)    .00000     3.0000     .00000    
Process 2.Queue.NumberInQueue               .03344     (Insuf)    .00000     2.0000     .00000    

                                             OUTPUTS

Identifier                                   Value
_____________________________________________________________

Entity 1.NumberIn                           227.00    
Entity 1.NumberOut                          225.00    
Resource 1.NumberSeized                     227.00    
Resource 1.ScheduledUtilization             .48028    
Resource 2.NumberSeized                     226.00    
Resource 2.ScheduledUtilization             .45008    
System.NumberOut                            225.00    

Beginning replication 2 of 30

                                      ARENA Simulation Results
                                     User - License: 7328734345

                                  Summary for Replication 2 of 30

Project: Unnamed Project                                             Run execution date : 9/18/2018
Analyst: Rockwell Automation                                         Model revision date: 9/18/2018

Replication ended at time      : 240.0 Hours 
Base Time Units: Hours

                                           TALLY VARIABLES

Identifier                                  Average   Half Width  Minimum    Maximum   Observations
___________________________________________________________________________________________________

Entity 1.VATime                             1.9923     (Insuf)    1.1827     2.7559        236    
Entity 1.NVATime                            .00000     (Insuf)    .00000     .00000        236    
Entity 1.WaitTime                           .22985     (Insuf)    .00000     2.7856        236    
Entity 1.TranTime                           .00000     (Insuf)    .00000     .00000        236    
Entity 1.OtherTime                          .00000     (Insuf)    .00000     .00000        236    
Entity 1.TotalTime                          2.2221     (Insuf)    1.1827     4.9390        236    
Process 1.Queue.WaitingTime                 .19506     (Insuf)    .00000     2.5175        238    
Process 2.Queue.WaitingTime                 .03300     (Insuf)    .00000     .69318        237    

                                     DISCRETE-CHANGE VARIABLES

Identifier                                  Average   Half Width  Minimum    Maximum   Final Value
___________________________________________________________________________________________________

Entity 1.WIP                                2.1959     .34583     .00000     9.0000     2.0000    
Resource 1.NumberBusy                       .99677     .11956     .00000     2.0000     1.0000    
Resource 1.NumberScheduled                  2.0000     (Insuf)    2.0000     2.0000     2.0000    
Resource 1.Utilization                      .49839     .05978     .00000     1.0000     .50000    
Resource 2.NumberBusy                       .97312     .11016     .00000     2.0000     1.0000    
Resource 2.NumberScheduled                  2.0000     (Insuf)    2.0000     2.0000     2.0000    
Resource 2.Utilization                      .48656     .05508     .00000     1.0000     .50000    
Process 1.Queue.NumberInQueue               .19344     (Insuf)    .00000     5.0000     .00000    
Process 2.Queue.NumberInQueue               .03258     (Insuf)    .00000     2.0000     .00000    

                                             OUTPUTS

Identifier                                   Value
_____________________________________________________________

Entity 1.NumberIn                           238.00    
Entity 1.NumberOut                          236.00    
Resource 1.NumberSeized                     238.00    
Resource 1.ScheduledUtilization             .49839    
Resource 2.NumberSeized                     237.00    
Resource 2.ScheduledUtilization             .48656    
System.NumberOut                            236.00    

Beginning replication 3 of 30

                                      ARENA Simulation Results
                                     User - License: 7328734345

                                  Summary for Replication 3 of 30

Project: Unnamed Project                                             Run execution date : 9/18/2018
Analyst: Rockwell Automation                                         Model revision date: 9/18/2018

Replication ended at time      : 240.0 Hours 
Base Time Units: Hours

                                           TALLY VARIABLES

Identifier                                  Average   Half Width  Minimum    Maximum   Observations
___________________________________________________________________________________________________

Entity 1.VATime                             1.9692     (Insuf)    1.2317     2.8767        235    
Entity 1.NVATime                            .00000     (Insuf)    .00000     .00000        235    
Entity 1.WaitTime                           .23254     (Insuf)    .00000     1.7547        235    
Entity 1.TranTime                           .00000     (Insuf)    .00000     .00000        235    
Entity 1.OtherTime                          .00000     (Insuf)    .00000     .00000        235    
Entity 1.TotalTime                          2.2017     (Insuf)    1.2317     3.7399        235    
Process 1.Queue.WaitingTime                 .18724     (Insuf)    .00000     1.6074        236    
Process 2.Queue.WaitingTime                 .04432     (Insuf)    .00000     .58581        236    

                                     DISCRETE-CHANGE VARIABLES

Identifier                                  Average   Half Width  Minimum    Maximum   Final Value
___________________________________________________________________________________________________

Entity 1.WIP                                2.1637     .30718     .00000     8.0000     1.0000    
Resource 1.NumberBusy                       .97614     .10860     .00000     2.0000     .00000    
Resource 1.NumberScheduled                  2.0000     (Insuf)    2.0000     2.0000     2.0000    
Resource 1.Utilization                      .48807     .05430     .00000     1.0000     .00000    
Resource 2.NumberBusy                       .95992     .11260     .00000     2.0000     1.0000    
Resource 2.NumberScheduled                  2.0000     (Insuf)    2.0000     2.0000     2.0000    
Resource 2.Utilization                      .47996     .05630     .00000     1.0000     .50000    
Process 1.Queue.NumberInQueue               .18411     (Insuf)    .00000     4.0000     .00000    
Process 2.Queue.NumberInQueue               .04358     (Insuf)    .00000     2.0000     .00000    

                                             OUTPUTS

Identifier                                   Value
_____________________________________________________________

Entity 1.NumberIn                           236.00    
Entity 1.NumberOut                          235.00    
Resource 1.NumberSeized                     236.00    
Resource 1.ScheduledUtilization             .48807    
Resource 2.NumberSeized                     236.00    
Resource 2.ScheduledUtilization             .47996    
System.NumberOut                            235.00    

Beginning replication 4 of 30

                                      ARENA Simulation Results
                                     User - License: 7328734345

                                  Summary for Replication 4 of 30

Project: Unnamed Project                                             Run execution date : 9/18/2018
Analyst: Rockwell Automation                                         Model revision date: 9/18/2018

Replication ended at time      : 240.0 Hours 
Base Time Units: Hours

                                           TALLY VARIABLES

Identifier                                  Average   Half Width  Minimum    Maximum   Observations
___________________________________________________________________________________________________

Entity 1.VATime                             1.9789     (Insuf)    1.2790     2.8418        238    
Entity 1.NVATime                            .00000     (Insuf)    .00000     .00000        238    
Entity 1.WaitTime                           .17928     (Insuf)    .00000     1.3978        238    
Entity 1.TranTime                           .00000     (Insuf)    .00000     .00000        238    
Entity 1.OtherTime                          .00000     (Insuf)    .00000     .00000        238    
Entity 1.TotalTime                          2.1582     (Insuf)    1.2790     3.6290        238    
Process 1.Queue.WaitingTime                 .14000     (Insuf)    .00000     1.3163        239    
Process 2.Queue.WaitingTime                 .03853     (Insuf)    .00000     .59386        239    

                                     DISCRETE-CHANGE VARIABLES

Identifier                                  Average   Half Width  Minimum    Maximum   Final Value
___________________________________________________________________________________________________

Entity 1.WIP                                2.1482     .25537     .00000     7.0000     1.0000    
Resource 1.NumberBusy                       1.0012     .10069     .00000     2.0000     .00000    
Resource 1.NumberScheduled                  2.0000     (Insuf)    2.0000     2.0000     2.0000    
Resource 1.Utilization                      .50064     .05035     .00000     1.0000     .00000    
Resource 2.NumberBusy                       .96922     .10800     .00000     2.0000     1.0000    
Resource 2.NumberScheduled                  2.0000     (Insuf)    2.0000     2.0000     2.0000    
Resource 2.Utilization                      .48461     .05400     .00000     1.0000     .50000    
Process 1.Queue.NumberInQueue               .13942     (Insuf)    .00000     3.0000     .00000    
Process 2.Queue.NumberInQueue               .03837     (Insuf)    .00000     2.0000     .00000    

                                             OUTPUTS

Identifier                                   Value
_____________________________________________________________

Entity 1.NumberIn                           239.00    
Entity 1.NumberOut                          238.00    
Resource 1.NumberSeized                     239.00    
Resource 1.ScheduledUtilization             .50064    
Resource 2.NumberSeized                     239.00    
Resource 2.ScheduledUtilization             .48461    
System.NumberOut                            238.00    

Beginning replication 5 of 30

                                      ARENA Simulation Results
                                     User - License: 7328734345

                                  Summary for Replication 5 of 30

Project: Unnamed Project                                             Run execution date : 9/18/2018
Analyst: Rockwell Automation                                         Model revision date: 9/18/2018

Replication ended at time      : 240.0 Hours 
Base Time Units: Hours

                                           TALLY VARIABLES

Identifier                                  Average   Half Width  Minimum    Maximum   Observations
___________________________________________________________________________________________________

Entity 1.VATime                             1.9769     (Insuf)    1.1400     2.6683        252    
Entity 1.NVATime                            .00000     (Insuf)    .00000     .00000        252    
Entity 1.WaitTime                           .24914     (Insuf)    .00000     2.0613        252    
Entity 1.TranTime                           .00000     (Insuf)    .00000     .00000        252    
Entity 1.OtherTime                          .00000     (Insuf)    .00000     .00000        252    
Entity 1.TotalTime                          2.2260     (Insuf)    1.3002     3.8850        252    
Process 1.Queue.WaitingTime                 .18361     (Insuf)    .00000     1.6522        253    
Process 2.Queue.WaitingTime                 .06480     (Insuf)    .00000     .79958        252    

                                     DISCRETE-CHANGE VARIABLES

Identifier                                  Average   Half Width  Minimum    Maximum   Final Value
___________________________________________________________________________________________________

Entity 1.WIP                                2.3407     (Corr)     .00000     7.0000     1.0000    
Resource 1.NumberBusy                       1.0468     (Corr)     .00000     2.0000     1.0000    
Resource 1.NumberScheduled                  2.0000     (Insuf)    2.0000     2.0000     2.0000    
Resource 1.Utilization                      .52340     (Corr)     .00000     1.0000     .50000    
Resource 2.NumberBusy                       1.0323     (Corr)     .00000     2.0000     .00000    
Resource 2.NumberScheduled                  2.0000     (Insuf)    2.0000     2.0000     2.0000    
Resource 2.Utilization                      .51618     (Corr)     .00000     1.0000     .00000    
Process 1.Queue.NumberInQueue               .19356     (Insuf)    .00000     4.0000     .00000    
Process 2.Queue.NumberInQueue               .06804     (Insuf)    .00000     2.0000     .00000    

                                             OUTPUTS

Identifier                                   Value
_____________________________________________________________

Entity 1.NumberIn                           253.00    
Entity 1.NumberOut                          252.00    
Resource 1.NumberSeized                     253.00    
Resource 1.ScheduledUtilization             .52340    
Resource 2.NumberSeized                     252.00    
Resource 2.ScheduledUtilization             .51618    
System.NumberOut                            252.00    

Beginning replication 6 of 30

                                      ARENA Simulation Results
                                     User - License: 7328734345

                                  Summary for Replication 6 of 30

Project: Unnamed Project                                             Run execution date : 9/18/2018
Analyst: Rockwell Automation                                         Model revision date: 9/18/2018

Replication ended at time      : 240.0 Hours 
Base Time Units: Hours

                                           TALLY VARIABLES

Identifier                                  Average   Half Width  Minimum    Maximum   Observations
___________________________________________________________________________________________________

Entity 1.VATime                             1.9653     (Insuf)    1.3055     2.6385        260    
Entity 1.NVATime                            .00000     (Insuf)    .00000     .00000        260    
Entity 1.WaitTime                           .34850     (Insuf)    .00000     3.1321        260    
Entity 1.TranTime                           .00000     (Insuf)    .00000     .00000        260    
Entity 1.OtherTime                          .00000     (Insuf)    .00000     .00000        260    
Entity 1.TotalTime                          2.3138     (Insuf)    1.3055     5.1236        260    
Process 1.Queue.WaitingTime                 .24139     (Insuf)    .00000     2.5202        262    
Process 2.Queue.WaitingTime                 .10485     (Insuf)    .00000     1.2772        261    

                                     DISCRETE-CHANGE VARIABLES

Identifier                                  Average   Half Width  Minimum    Maximum   Final Value
___________________________________________________________________________________________________

Entity 1.WIP                                2.5143     .45287     .00000     10.000     2.0000    
Resource 1.NumberBusy                       1.0666     .13258     .00000     2.0000     1.0000    
Resource 1.NumberScheduled                  2.0000     (Insuf)    2.0000     2.0000     2.0000    
Resource 1.Utilization                      .53332     .06629     .00000     1.0000     .50000    
Resource 2.NumberBusy                       1.0701     .13175     .00000     2.0000     1.0000    
Resource 2.NumberScheduled                  2.0000     (Insuf)    2.0000     2.0000     2.0000    
Resource 2.Utilization                      .53507     .06588     .00000     1.0000     .50000    
Process 1.Queue.NumberInQueue               .26352     (Insuf)    .00000     6.0000     .00000    
Process 2.Queue.NumberInQueue               .11403     (Insuf)    .00000     3.0000     .00000    

                                             OUTPUTS

Identifier                                   Value
_____________________________________________________________

Entity 1.NumberIn                           262.00    
Entity 1.NumberOut                          260.00    
Resource 1.NumberSeized                     262.00    
Resource 1.ScheduledUtilization             .53332    
Resource 2.NumberSeized                     261.00    
Resource 2.ScheduledUtilization             .53507    
System.NumberOut                            260.00    

Beginning replication 7 of 30

                                      ARENA Simulation Results
                                     User - License: 7328734345

                                  Summary for Replication 7 of 30

Project: Unnamed Project                                             Run execution date : 9/18/2018
Analyst: Rockwell Automation                                         Model revision date: 9/18/2018

Replication ended at time      : 240.0 Hours 
Base Time Units: Hours

                                           TALLY VARIABLES

Identifier                                  Average   Half Width  Minimum    Maximum   Observations
___________________________________________________________________________________________________

Entity 1.VATime                             2.0386     (Insuf)    1.0975     2.7045        226    
Entity 1.NVATime                            .00000     (Insuf)    .00000     .00000        226    
Entity 1.WaitTime                           .21115     (Insuf)    .00000     1.8826        226    
Entity 1.TranTime                           .00000     (Insuf)    .00000     .00000        226    
Entity 1.OtherTime                          .00000     (Insuf)    .00000     .00000        226    
Entity 1.TotalTime                          2.2498     (Insuf)    1.0975     4.1120        226    
Process 1.Queue.WaitingTime                 .15252     (Insuf)    .00000     1.6966        227    
Process 2.Queue.WaitingTime                 .05770     (Insuf)    .00000     .78188        227    

                                     DISCRETE-CHANGE VARIABLES

Identifier                                  Average   Half Width  Minimum    Maximum   Final Value
___________________________________________________________________________________________________

Entity 1.WIP                                2.1232     .33982     .00000     7.0000     1.0000    
Resource 1.NumberBusy                       .95855     (Insuf)    .00000     2.0000     .00000    
Resource 1.NumberScheduled                  2.0000     (Insuf)    2.0000     2.0000     2.0000    
Resource 1.Utilization                      .47927     (Insuf)    .00000     1.0000     .00000    
Resource 2.NumberBusy                       .96590     .14357     .00000     2.0000     1.0000    
Resource 2.NumberScheduled                  2.0000     (Insuf)    2.0000     2.0000     2.0000    
Resource 2.Utilization                      .48295     .07178     .00000     1.0000     .50000    
Process 1.Queue.NumberInQueue               .14426     (Insuf)    .00000     4.0000     .00000    
Process 2.Queue.NumberInQueue               .05457     (Insuf)    .00000     2.0000     .00000    

                                             OUTPUTS

Identifier                                   Value
_____________________________________________________________

Entity 1.NumberIn                           227.00    
Entity 1.NumberOut                          226.00    
Resource 1.NumberSeized                     227.00    
Resource 1.ScheduledUtilization             .47927    
Resource 2.NumberSeized                     227.00    
Resource 2.ScheduledUtilization             .48295    
System.NumberOut                            226.00    

Beginning replication 8 of 30

                                      ARENA Simulation Results
                                     User - License: 7328734345

                                  Summary for Replication 8 of 30

Project: Unnamed Project                                             Run execution date : 9/18/2018
Analyst: Rockwell Automation                                         Model revision date: 9/18/2018

Replication ended at time      : 240.0 Hours 
Base Time Units: Hours

                                           TALLY VARIABLES

Identifier                                  Average   Half Width  Minimum    Maximum   Observations
___________________________________________________________________________________________________

Entity 1.VATime                             1.9671     (Insuf)    1.2487     2.6729        190    
Entity 1.NVATime                            .00000     (Insuf)    .00000     .00000        190    
Entity 1.WaitTime                           .07224     (Insuf)    .00000     1.1076        190    
Entity 1.TranTime                           .00000     (Insuf)    .00000     .00000        190    
Entity 1.OtherTime                          .00000     (Insuf)    .00000     .00000        190    
Entity 1.TotalTime                          2.0393     (Insuf)    1.2487     2.9605        190    
Process 1.Queue.WaitingTime                 .04867     (Insuf)    .00000     .84252        194    
Process 2.Queue.WaitingTime                 .02605     (Insuf)    .00000     .80169        192    

                                     DISCRETE-CHANGE VARIABLES

Identifier                                  Average   Half Width  Minimum    Maximum   Final Value
___________________________________________________________________________________________________

Entity 1.WIP                                1.6345     .17080     .00000     6.0000     4.0000    
Resource 1.NumberBusy                       .77542     .07863     .00000     2.0000     2.0000    
Resource 1.NumberScheduled                  2.0000     (Insuf)    2.0000     2.0000     2.0000    
Resource 1.Utilization                      .38771     .03931     .00000     1.0000     1.0000    
Resource 2.NumberBusy                       .79891     .07514     .00000     2.0000     2.0000    
Resource 2.NumberScheduled                  2.0000     (Insuf)    2.0000     2.0000     2.0000    
Resource 2.Utilization                      .39945     .03757     .00000     1.0000     1.0000    
Process 1.Queue.NumberInQueue               .03934     (Insuf)    .00000     2.0000     .00000    
Process 2.Queue.NumberInQueue               .02084     (Insuf)    .00000     2.0000     .00000    

                                             OUTPUTS

Identifier                                   Value
_____________________________________________________________

Entity 1.NumberIn                           194.00    
Entity 1.NumberOut                          190.00    
Resource 1.NumberSeized                     194.00    
Resource 1.ScheduledUtilization             .38771    
Resource 2.NumberSeized                     192.00    
Resource 2.ScheduledUtilization             .39945    
System.NumberOut                            190.00    

Beginning replication 9 of 30

                                      ARENA Simulation Results
                                     User - License: 7328734345

                                  Summary for Replication 9 of 30

Project: Unnamed Project                                             Run execution date : 9/18/2018
Analyst: Rockwell Automation                                         Model revision date: 9/18/2018

Replication ended at time      : 240.0 Hours 
Base Time Units: Hours

                                           TALLY VARIABLES

Identifier                                  Average   Half Width  Minimum    Maximum   Observations
___________________________________________________________________________________________________

Entity 1.VATime                             1.9794     (Insuf)    1.1463     2.7439        253    
Entity 1.NVATime                            .00000     (Insuf)    .00000     .00000        253    
Entity 1.WaitTime                           .23731     (Insuf)    .00000     2.0355        253    
Entity 1.TranTime                           .00000     (Insuf)    .00000     .00000        253    
Entity 1.OtherTime                          .00000     (Insuf)    .00000     .00000        253    
Entity 1.TotalTime                          2.2167     (Insuf)    1.1463     4.1997        253    
Process 1.Queue.WaitingTime                 .18170     (Insuf)    .00000     1.4254        259    
Process 2.Queue.WaitingTime                 .07018     (Insuf)    .00000     .93448        255    

                                     DISCRETE-CHANGE VARIABLES

Identifier                                  Average   Half Width  Minimum    Maximum   Final Value
___________________________________________________________________________________________________

Entity 1.WIP                                2.3782     (Corr)     .00000     8.0000     6.0000    
Resource 1.NumberBusy                       1.0599     .10837     .00000     2.0000     2.0000    
Resource 1.NumberScheduled                  2.0000     (Insuf)    2.0000     2.0000     2.0000    
Resource 1.Utilization                      .52999     .05419     .00000     1.0000     1.0000    
Resource 2.NumberBusy                       1.0464     .10358     .00000     2.0000     2.0000    
Resource 2.NumberScheduled                  2.0000     (Insuf)    2.0000     2.0000     2.0000    
Resource 2.Utilization                      .52324     .05179     .00000     1.0000     1.0000    
Process 1.Queue.NumberInQueue               .19609     (Insuf)    .00000     3.0000     .00000    
Process 2.Queue.NumberInQueue               .07572     (Insuf)    .00000     2.0000     2.0000    

                                             OUTPUTS

Identifier                                   Value
_____________________________________________________________

Entity 1.NumberIn                           259.00    
Entity 1.NumberOut                          253.00    
Resource 1.NumberSeized                     259.00    
Resource 1.ScheduledUtilization             .52999    
Resource 2.NumberSeized                     255.00    
Resource 2.ScheduledUtilization             .52324    
System.NumberOut                            253.00    

Beginning replication 10 of 30

                                      ARENA Simulation Results
                                     User - License: 7328734345

                                  Summary for Replication 10 of 30

Project: Unnamed Project                                             Run execution date : 9/18/2018
Analyst: Rockwell Automation                                         Model revision date: 9/18/2018

Replication ended at time      : 240.0 Hours 
Base Time Units: Hours

                                           TALLY VARIABLES

Identifier                                  Average   Half Width  Minimum    Maximum   Observations
___________________________________________________________________________________________________

Entity 1.VATime                             2.0229     (Insuf)    1.2477     2.6947        265    
Entity 1.NVATime                            .00000     (Insuf)    .00000     .00000        265    
Entity 1.WaitTime                           .27311     (Insuf)    .00000     2.0443        265    
Entity 1.TranTime                           .00000     (Insuf)    .00000     .00000        265    
Entity 1.OtherTime                          .00000     (Insuf)    .00000     .00000        265    
Entity 1.TotalTime                          2.2960     (Insuf)    1.3234     3.9552        265    
Process 1.Queue.WaitingTime                 .20405     (Insuf)    .00000     1.6405        269    
Process 2.Queue.WaitingTime                 .06945     (Insuf)    .00000     .80658        267    

                                     DISCRETE-CHANGE VARIABLES

Identifier                                  Average   Half Width  Minimum    Maximum   Final Value
___________________________________________________________________________________________________

Entity 1.WIP                                2.5591     .35395     .00000     7.0000     4.0000    
Resource 1.NumberBusy                       1.1374     (Insuf)    .00000     2.0000     2.0000    
Resource 1.NumberScheduled                  2.0000     (Insuf)    2.0000     2.0000     2.0000    
Resource 1.Utilization                      .56870     (Insuf)    .00000     1.0000     1.0000    
Resource 2.NumberBusy                       1.1158     .12803     .00000     2.0000     2.0000    
Resource 2.NumberScheduled                  2.0000     (Insuf)    2.0000     2.0000     2.0000    
Resource 2.Utilization                      .55791     .06401     .00000     1.0000     1.0000    
Process 1.Queue.NumberInQueue               .22870     (Insuf)    .00000     3.0000     .00000    
Process 2.Queue.NumberInQueue               .07727     (Insuf)    .00000     2.0000     .00000    

                                             OUTPUTS

Identifier                                   Value
_____________________________________________________________

Entity 1.NumberIn                           269.00    
Entity 1.NumberOut                          265.00    
Resource 1.NumberSeized                     269.00    
Resource 1.ScheduledUtilization             .56870    
Resource 2.NumberSeized                     267.00    
Resource 2.ScheduledUtilization             .55791    
System.NumberOut                            265.00    

Beginning replication 11 of 30

                                      ARENA Simulation Results
                                     User - License: 7328734345

                                  Summary for Replication 11 of 30

Project: Unnamed Project                                             Run execution date : 9/18/2018
Analyst: Rockwell Automation                                         Model revision date: 9/18/2018

Replication ended at time      : 240.0 Hours 
Base Time Units: Hours

                                           TALLY VARIABLES

Identifier                                  Average   Half Width  Minimum    Maximum   Observations
___________________________________________________________________________________________________

Entity 1.VATime                             1.9884     (Insuf)    1.2135     2.7785        232    
Entity 1.NVATime                            .00000     (Insuf)    .00000     .00000        232    
Entity 1.WaitTime                           .24274     (Insuf)    .00000     2.6871        232    
Entity 1.TranTime                           .00000     (Insuf)    .00000     .00000        232    
Entity 1.OtherTime                          .00000     (Insuf)    .00000     .00000        232    
Entity 1.TotalTime                          2.2312     (Insuf)    1.2710     4.4844        232    
Process 1.Queue.WaitingTime                 .19429     (Insuf)    .00000     2.2007        233    
Process 2.Queue.WaitingTime                 .04761     (Insuf)    .00000     .61474        232    

                                     DISCRETE-CHANGE VARIABLES

Identifier                                  Average   Half Width  Minimum    Maximum   Final Value
___________________________________________________________________________________________________

Entity 1.WIP                                2.1591     .28360     .00000     8.0000     1.0000    
Resource 1.NumberBusy                       .96803     .10479     .00000     2.0000     1.0000    
Resource 1.NumberScheduled                  2.0000     (Insuf)    2.0000     2.0000     2.0000    
Resource 1.Utilization                      .48401     .05239     .00000     1.0000     .50000    
Resource 2.NumberBusy                       .95649     .10578     .00000     2.0000     .00000    
Resource 2.NumberScheduled                  2.0000     (Insuf)    2.0000     2.0000     2.0000    
Resource 2.Utilization                      .47824     .05289     .00000     1.0000     .00000    
Process 1.Queue.NumberInQueue               .18862     (Insuf)    .00000     5.0000     .00000    
Process 2.Queue.NumberInQueue               .04602     (Insuf)    .00000     2.0000     .00000    

                                             OUTPUTS

Identifier                                   Value
_____________________________________________________________

Entity 1.NumberIn                           233.00    
Entity 1.NumberOut                          232.00    
Resource 1.NumberSeized                     233.00    
Resource 1.ScheduledUtilization             .48401    
Resource 2.NumberSeized                     232.00    
Resource 2.ScheduledUtilization             .47824    
System.NumberOut                            232.00    

Beginning replication 12 of 30

                                      ARENA Simulation Results
                                     User - License: 7328734345

                                  Summary for Replication 12 of 30

Project: Unnamed Project                                             Run execution date : 9/18/2018
Analyst: Rockwell Automation                                         Model revision date: 9/18/2018

Replication ended at time      : 240.0 Hours 
Base Time Units: Hours

                                           TALLY VARIABLES

Identifier                                  Average   Half Width  Minimum    Maximum   Observations
___________________________________________________________________________________________________

Entity 1.VATime                             1.9697     (Insuf)    1.3056     2.6852        236    
Entity 1.NVATime                            .00000     (Insuf)    .00000     .00000        236    
Entity 1.WaitTime                           .17334     (Insuf)    .00000     2.3764        236    
Entity 1.TranTime                           .00000     (Insuf)    .00000     .00000        236    
Entity 1.OtherTime                          .00000     (Insuf)    .00000     .00000        236    
Entity 1.TotalTime                          2.1431     (Insuf)    1.3056     4.4632        236    
Process 1.Queue.WaitingTime                 .14638     (Insuf)    .00000     2.1645        237    
Process 2.Queue.WaitingTime                 .02623     (Insuf)    .00000     .52806        237    

                                     DISCRETE-CHANGE VARIABLES

Identifier                                  Average   Half Width  Minimum    Maximum   Final Value
___________________________________________________________________________________________________

Entity 1.WIP                                2.1116     .27085     .00000     7.0000     1.0000    
Resource 1.NumberBusy                       .97420     .10361     .00000     2.0000     .00000    
Resource 1.NumberScheduled                  2.0000     (Insuf)    2.0000     2.0000     2.0000    
Resource 1.Utilization                      .48710     .05181     .00000     1.0000     .00000    
Resource 2.NumberBusy                       .96699     .10248     .00000     2.0000     1.0000    
Resource 2.NumberScheduled                  2.0000     (Insuf)    2.0000     2.0000     2.0000    
Resource 2.Utilization                      .48349     .05124     .00000     1.0000     .50000    
Process 1.Queue.NumberInQueue               .14455     (Insuf)    .00000     4.0000     .00000    
Process 2.Queue.NumberInQueue               .02590     (Insuf)    .00000     2.0000     .00000    

                                             OUTPUTS

Identifier                                   Value
_____________________________________________________________

Entity 1.NumberIn                           237.00    
Entity 1.NumberOut                          236.00    
Resource 1.NumberSeized                     237.00    
Resource 1.ScheduledUtilization             .48710    
Resource 2.NumberSeized                     237.00    
Resource 2.ScheduledUtilization             .48349    
System.NumberOut                            236.00    

Beginning replication 13 of 30

                                      ARENA Simulation Results
                                     User - License: 7328734345

                                  Summary for Replication 13 of 30

Project: Unnamed Project                                             Run execution date : 9/18/2018
Analyst: Rockwell Automation                                         Model revision date: 9/18/2018

Replication ended at time      : 240.0 Hours 
Base Time Units: Hours

                                           TALLY VARIABLES

Identifier                                  Average   Half Width  Minimum    Maximum   Observations
___________________________________________________________________________________________________

Entity 1.VATime                             1.9864     (Insuf)    1.2801     2.7349        251    
Entity 1.NVATime                            .00000     (Insuf)    .00000     .00000        251    
Entity 1.WaitTime                           .34360     (Insuf)    .00000     2.5413        251    
Entity 1.TranTime                           .00000     (Insuf)    .00000     .00000        251    
Entity 1.OtherTime                          .00000     (Insuf)    .00000     .00000        251    
Entity 1.TotalTime                          2.3300     (Insuf)    1.3062     4.7197        251    
Process 1.Queue.WaitingTime                 .28303     (Insuf)    .00000     2.4670        256    
Process 2.Queue.WaitingTime                 .09007     (Insuf)    .00000     1.1354        253    

                                     DISCRETE-CHANGE VARIABLES

Identifier                                  Average   Half Width  Minimum    Maximum   Final Value
___________________________________________________________________________________________________

Entity 1.WIP                                2.5066     .49348     .00000     9.0000     6.0000    
Resource 1.NumberBusy                       1.0439     (Insuf)    .00000     2.0000     2.0000    
Resource 1.NumberScheduled                  2.0000     (Insuf)    2.0000     2.0000     2.0000    
Resource 1.Utilization                      .52197     (Insuf)    .00000     1.0000     1.0000    
Resource 2.NumberBusy                       1.0572     .13891     .00000     2.0000     2.0000    
Resource 2.NumberScheduled                  2.0000     (Insuf)    2.0000     2.0000     2.0000    
Resource 2.Utilization                      .52861     .06946     .00000     1.0000     1.0000    
Process 1.Queue.NumberInQueue               .30856     (Insuf)    .00000     6.0000     1.0000    
Process 2.Queue.NumberInQueue               .09689     (Insuf)    .00000     2.0000     1.0000    

                                             OUTPUTS

Identifier                                   Value
_____________________________________________________________

Entity 1.NumberIn                           257.00    
Entity 1.NumberOut                          251.00    
Resource 1.NumberSeized                     256.00    
Resource 1.ScheduledUtilization             .52197    
Resource 2.NumberSeized                     253.00    
Resource 2.ScheduledUtilization             .52861    
System.NumberOut                            251.00    

Beginning replication 14 of 30

                                      ARENA Simulation Results
                                     User - License: 7328734345

                                  Summary for Replication 14 of 30

Project: Unnamed Project                                             Run execution date : 9/18/2018
Analyst: Rockwell Automation                                         Model revision date: 9/18/2018

Replication ended at time      : 240.0 Hours 
Base Time Units: Hours

                                           TALLY VARIABLES

Identifier                                  Average   Half Width  Minimum    Maximum   Observations
___________________________________________________________________________________________________

Entity 1.VATime                             1.9993     (Insuf)    1.2547     2.7022        235    
Entity 1.NVATime                            .00000     (Insuf)    .00000     .00000        235    
Entity 1.WaitTime                           .26833     (Insuf)    .00000     2.2497        235    
Entity 1.TranTime                           .00000     (Insuf)    .00000     .00000        235    
Entity 1.OtherTime                          .00000     (Insuf)    .00000     .00000        235    
Entity 1.TotalTime                          2.2676     (Insuf)    1.3470     4.2194        235    
Process 1.Queue.WaitingTime                 .21750     (Insuf)    .00000     2.0384        236    
Process 2.Queue.WaitingTime                 .04991     (Insuf)    .00000     .62838        235    

                                     DISCRETE-CHANGE VARIABLES

Identifier                                  Average   Half Width  Minimum    Maximum   Final Value
___________________________________________________________________________________________________

Entity 1.WIP                                2.2217     .39636     .00000     9.0000     1.0000    
Resource 1.NumberBusy                       .98452     (Insuf)    .00000     2.0000     1.0000    
Resource 1.NumberScheduled                  2.0000     (Insuf)    2.0000     2.0000     2.0000    
Resource 1.Utilization                      .49226     (Insuf)    .00000     1.0000     .50000    
Resource 2.NumberBusy                       .97449     .14913     .00000     2.0000     .00000    
Resource 2.NumberScheduled                  2.0000     (Insuf)    2.0000     2.0000     2.0000    
Resource 2.Utilization                      .48724     .07457     .00000     1.0000     .00000    
Process 1.Queue.NumberInQueue               .21388     (Insuf)    .00000     4.0000     .00000    
Process 2.Queue.NumberInQueue               .04887     (Insuf)    .00000     2.0000     .00000    

                                             OUTPUTS

Identifier                                   Value
_____________________________________________________________

Entity 1.NumberIn                           236.00    
Entity 1.NumberOut                          235.00    
Resource 1.NumberSeized                     236.00    
Resource 1.ScheduledUtilization             .49226    
Resource 2.NumberSeized                     235.00    
Resource 2.ScheduledUtilization             .48724    
System.NumberOut                            235.00    

Beginning replication 15 of 30

                                      ARENA Simulation Results
                                     User - License: 7328734345

                                  Summary for Replication 15 of 30

Project: Unnamed Project                                             Run execution date : 9/18/2018
Analyst: Rockwell Automation                                         Model revision date: 9/18/2018

Replication ended at time      : 240.0 Hours 
Base Time Units: Hours

                                           TALLY VARIABLES

Identifier                                  Average   Half Width  Minimum    Maximum   Observations
___________________________________________________________________________________________________

Entity 1.VATime                             2.0104     (Insuf)    1.3411     2.7857        250    
Entity 1.NVATime                            .00000     (Insuf)    .00000     .00000        250    
Entity 1.WaitTime                           .29347     (Insuf)    .00000     2.0605        250    
Entity 1.TranTime                           .00000     (Insuf)    .00000     .00000        250    
Entity 1.OtherTime                          .00000     (Insuf)    .00000     .00000        250    
Entity 1.TotalTime                          2.3038     (Insuf)    1.4146     4.6140        250    
Process 1.Queue.WaitingTime                 .22266     (Insuf)    .00000     2.0605        253    
Process 2.Queue.WaitingTime                 .06925     (Insuf)    .00000     1.2138        252    

                                     DISCRETE-CHANGE VARIABLES

Identifier                                  Average   Half Width  Minimum    Maximum   Final Value
___________________________________________________________________________________________________

Entity 1.WIP                                2.4186     .33869     .00000     8.0000     3.0000    
Resource 1.NumberBusy                       1.0645     (Insuf)    .00000     2.0000     .00000    
Resource 1.NumberScheduled                  2.0000     (Insuf)    2.0000     2.0000     2.0000    
Resource 1.Utilization                      .53227     (Insuf)    .00000     1.0000     .00000    
Resource 2.NumberBusy                       1.0463     .11188     .00000     2.0000     2.0000    
Resource 2.NumberScheduled                  2.0000     (Insuf)    2.0000     2.0000     2.0000    
Resource 2.Utilization                      .52319     .05594     .00000     1.0000     1.0000    
Process 1.Queue.NumberInQueue               .23472     (Insuf)    .00000     5.0000     .00000    
Process 2.Queue.NumberInQueue               .07302     (Insuf)    .00000     3.0000     1.0000    

                                             OUTPUTS

Identifier                                   Value
_____________________________________________________________

Entity 1.NumberIn                           253.00    
Entity 1.NumberOut                          250.00    
Resource 1.NumberSeized                     253.00    
Resource 1.ScheduledUtilization             .53227    
Resource 2.NumberSeized                     252.00    
Resource 2.ScheduledUtilization             .52319    
System.NumberOut                            250.00    

Beginning replication 16 of 30

                                      ARENA Simulation Results
                                     User - License: 7328734345

                                  Summary for Replication 16 of 30

Project: Unnamed Project                                             Run execution date : 9/18/2018
Analyst: Rockwell Automation                                         Model revision date: 9/18/2018

Replication ended at time      : 240.0 Hours 
Base Time Units: Hours

                                           TALLY VARIABLES

Identifier                                  Average   Half Width  Minimum    Maximum   Observations
___________________________________________________________________________________________________

Entity 1.VATime                             1.9995     (Insuf)    1.1543     2.8902        247    
Entity 1.NVATime                            .00000     (Insuf)    .00000     .00000        247    
Entity 1.WaitTime                           .18430     (Insuf)    .00000     2.2091        247    
Entity 1.TranTime                           .00000     (Insuf)    .00000     .00000        247    
Entity 1.OtherTime                          .00000     (Insuf)    .00000     .00000        247    
Entity 1.TotalTime                          2.1838     (Insuf)    1.3840     4.7760        247    
Process 1.Queue.WaitingTime                 .14896     (Insuf)    .00000     2.2091        249    
Process 2.Queue.WaitingTime                 .04518     (Insuf)    .00000     .55079        249    

                                     DISCRETE-CHANGE VARIABLES

Identifier                                  Average   Half Width  Minimum    Maximum   Final Value
___________________________________________________________________________________________________

Entity 1.WIP                                2.2714     .25877     .00000     7.0000     2.0000    
Resource 1.NumberBusy                       1.0380     .10294     .00000     2.0000     .00000    
Resource 1.NumberScheduled                  2.0000     (Insuf)    2.0000     2.0000     2.0000    
Resource 1.Utilization                      .51903     .05147     .00000     1.0000     .00000    
Resource 2.NumberBusy                       1.0319     .09518     .00000     2.0000     2.0000    
Resource 2.NumberScheduled                  2.0000     (Insuf)    2.0000     2.0000     2.0000    
Resource 2.Utilization                      .51597     .04759     .00000     1.0000     1.0000    
Process 1.Queue.NumberInQueue               .15455     (Insuf)    .00000     4.0000     .00000    
Process 2.Queue.NumberInQueue               .04688     (Insuf)    .00000     2.0000     .00000    

                                             OUTPUTS

Identifier                                   Value
_____________________________________________________________

Entity 1.NumberIn                           249.00    
Entity 1.NumberOut                          247.00    
Resource 1.NumberSeized                     249.00    
Resource 1.ScheduledUtilization             .51903    
Resource 2.NumberSeized                     249.00    
Resource 2.ScheduledUtilization             .51597    
System.NumberOut                            247.00    

Beginning replication 17 of 30

                                      ARENA Simulation Results
                                     User - License: 7328734345

                                  Summary for Replication 17 of 30

Project: Unnamed Project                                             Run execution date : 9/18/2018
Analyst: Rockwell Automation                                         Model revision date: 9/18/2018

Replication ended at time      : 240.0 Hours 
Base Time Units: Hours

                                           TALLY VARIABLES

Identifier                                  Average   Half Width  Minimum    Maximum   Observations
___________________________________________________________________________________________________

Entity 1.VATime                             2.0159     (Insuf)    1.2953     2.8674        256    
Entity 1.NVATime                            .00000     (Insuf)    .00000     .00000        256    
Entity 1.WaitTime                           .28183     (Insuf)    .00000     2.1105        256    
Entity 1.TranTime                           .00000     (Insuf)    .00000     .00000        256    
Entity 1.OtherTime                          .00000     (Insuf)    .00000     .00000        256    
Entity 1.TotalTime                          2.2977     (Insuf)    1.2953     4.3197        256    
Process 1.Queue.WaitingTime                 .18857     (Insuf)    .00000     1.5934        256    
Process 2.Queue.WaitingTime                 .09326     (Insuf)    .00000     .88846        256    

                                     DISCRETE-CHANGE VARIABLES

Identifier                                  Average   Half Width  Minimum    Maximum   Final Value
___________________________________________________________________________________________________

Entity 1.WIP                                2.4509     .41050     .00000     8.0000     .00000    
Resource 1.NumberBusy                       1.0735     .14882     .00000     2.0000     .00000    
Resource 1.NumberScheduled                  2.0000     (Insuf)    2.0000     2.0000     2.0000    
Resource 1.Utilization                      .53678     .07441     .00000     1.0000     .00000    
Resource 2.NumberBusy                       1.0767     .14504     .00000     2.0000     .00000    
Resource 2.NumberScheduled                  2.0000     (Insuf)    2.0000     2.0000     2.0000    
Resource 2.Utilization                      .53838     .07252     .00000     1.0000     .00000    
Process 1.Queue.NumberInQueue               .20114     (Insuf)    .00000     4.0000     .00000    
Process 2.Queue.NumberInQueue               .09948     (Insuf)    .00000     2.0000     .00000    

                                             OUTPUTS

Identifier                                   Value
_____________________________________________________________

Entity 1.NumberIn                           256.00    
Entity 1.NumberOut                          256.00    
Resource 1.NumberSeized                     256.00    
Resource 1.ScheduledUtilization             .53678    
Resource 2.NumberSeized                     256.00    
Resource 2.ScheduledUtilization             .53838    
System.NumberOut                            256.00    

Beginning replication 18 of 30

                                      ARENA Simulation Results
                                     User - License: 7328734345

                                  Summary for Replication 18 of 30

Project: Unnamed Project                                             Run execution date : 9/18/2018
Analyst: Rockwell Automation                                         Model revision date: 9/18/2018

Replication ended at time      : 240.0 Hours 
Base Time Units: Hours

                                           TALLY VARIABLES

Identifier                                  Average   Half Width  Minimum    Maximum   Observations
___________________________________________________________________________________________________

Entity 1.VATime                             2.0167     (Insuf)    1.2121     2.7755        250    
Entity 1.NVATime                            .00000     (Insuf)    .00000     .00000        250    
Entity 1.WaitTime                           .21668     (Insuf)    .00000     1.4553        250    
Entity 1.TranTime                           .00000     (Insuf)    .00000     .00000        250    
Entity 1.OtherTime                          .00000     (Insuf)    .00000     .00000        250    
Entity 1.TotalTime                          2.2333     (Insuf)    1.3737     3.6438        250    
Process 1.Queue.WaitingTime                 .16154     (Insuf)    .00000     1.3150        252    
Process 2.Queue.WaitingTime                 .05385     (Insuf)    .00000     1.0137        250    

                                     DISCRETE-CHANGE VARIABLES

Identifier                                  Average   Half Width  Minimum    Maximum   Final Value
___________________________________________________________________________________________________

Entity 1.WIP                                2.3348     .27611     .00000     7.0000     3.0000    
Resource 1.NumberBusy                       1.0547     .10866     .00000     2.0000     2.0000    
Resource 1.NumberScheduled                  2.0000     (Insuf)    2.0000     2.0000     2.0000    
Resource 1.Utilization                      .52735     .05433     .00000     1.0000     1.0000    
Resource 2.NumberBusy                       1.0521     .11086     .00000     2.0000     .00000    
Resource 2.NumberScheduled                  2.0000     (Insuf)    2.0000     2.0000     2.0000    
Resource 2.Utilization                      .52607     .05543     .00000     1.0000     .00000    
Process 1.Queue.NumberInQueue               .17190     (Insuf)    .00000     3.0000     1.0000    
Process 2.Queue.NumberInQueue               .05609     (Insuf)    .00000     2.0000     .00000    

                                             OUTPUTS

Identifier                                   Value
_____________________________________________________________

Entity 1.NumberIn                           253.00    
Entity 1.NumberOut                          250.00    
Resource 1.NumberSeized                     252.00    
Resource 1.ScheduledUtilization             .52735    
Resource 2.NumberSeized                     250.00    
Resource 2.ScheduledUtilization             .52607    
System.NumberOut                            250.00    

Beginning replication 19 of 30

                                      ARENA Simulation Results
                                     User - License: 7328734345

                                  Summary for Replication 19 of 30

Project: Unnamed Project                                             Run execution date : 9/18/2018
Analyst: Rockwell Automation                                         Model revision date: 9/18/2018

Replication ended at time      : 240.0 Hours 
Base Time Units: Hours

                                           TALLY VARIABLES

Identifier                                  Average   Half Width  Minimum    Maximum   Observations
___________________________________________________________________________________________________

Entity 1.VATime                             2.0113     (Insuf)    1.3430     2.8590        233    
Entity 1.NVATime                            .00000     (Insuf)    .00000     .00000        233    
Entity 1.WaitTime                           .26002     (Insuf)    .00000     2.5995        233    
Entity 1.TranTime                           .00000     (Insuf)    .00000     .00000        233    
Entity 1.OtherTime                          .00000     (Insuf)    .00000     .00000        233    
Entity 1.TotalTime                          2.2714     (Insuf)    1.3863     4.2970        233    
Process 1.Queue.WaitingTime                 .18360     (Insuf)    .00000     2.0428        235    
Process 2.Queue.WaitingTime                 .07452     (Insuf)    .00000     .85612        234    

                                     DISCRETE-CHANGE VARIABLES

Identifier                                  Average   Half Width  Minimum    Maximum   Final Value
___________________________________________________________________________________________________

Entity 1.WIP                                2.2119     .33126     .00000     9.0000     2.0000    
Resource 1.NumberBusy                       .97951     .12112     .00000     2.0000     1.0000    
Resource 1.NumberScheduled                  2.0000     (Insuf)    2.0000     2.0000     2.0000    
Resource 1.Utilization                      .48975     .06056     .00000     1.0000     .50000    
Resource 2.NumberBusy                       .98004     .12831     .00000     2.0000     1.0000    
Resource 2.NumberScheduled                  2.0000     (Insuf)    2.0000     2.0000     2.0000    
Resource 2.Utilization                      .49002     .06415     .00000     1.0000     .50000    
Process 1.Queue.NumberInQueue               .17978     (Insuf)    .00000     4.0000     .00000    
Process 2.Queue.NumberInQueue               .07266     (Insuf)    .00000     2.0000     .00000    

                                             OUTPUTS

Identifier                                   Value
_____________________________________________________________

Entity 1.NumberIn                           235.00    
Entity 1.NumberOut                          233.00    
Resource 1.NumberSeized                     235.00    
Resource 1.ScheduledUtilization             .48975    
Resource 2.NumberSeized                     234.00    
Resource 2.ScheduledUtilization             .49002    
System.NumberOut                            233.00    

Beginning replication 20 of 30

                                      ARENA Simulation Results
                                     User - License: 7328734345

                                  Summary for Replication 20 of 30

Project: Unnamed Project                                             Run execution date : 9/18/2018
Analyst: Rockwell Automation                                         Model revision date: 9/18/2018

Replication ended at time      : 240.0 Hours 
Base Time Units: Hours

                                           TALLY VARIABLES

Identifier                                  Average   Half Width  Minimum    Maximum   Observations
___________________________________________________________________________________________________

Entity 1.VATime                             1.9874     (Insuf)    1.1246     2.7296        226    
Entity 1.NVATime                            .00000     (Insuf)    .00000     .00000        226    
Entity 1.WaitTime                           .19135     (Insuf)    .00000     2.0124        226    
Entity 1.TranTime                           .00000     (Insuf)    .00000     .00000        226    
Entity 1.OtherTime                          .00000     (Insuf)    .00000     .00000        226    
Entity 1.TotalTime                          2.1788     (Insuf)    1.1246     4.3323        226    
Process 1.Queue.WaitingTime                 .14027     (Insuf)    .00000     1.5784        229    
Process 2.Queue.WaitingTime                 .04970     (Insuf)    .00000     .80225        227    

                                     DISCRETE-CHANGE VARIABLES

Identifier                                  Average   Half Width  Minimum    Maximum   Final Value
___________________________________________________________________________________________________

Entity 1.WIP                                2.0639     .30128     .00000     7.0000     3.0000    
Resource 1.NumberBusy                       .94035     .11905     .00000     2.0000     2.0000    
Resource 1.NumberScheduled                  2.0000     (Insuf)    2.0000     2.0000     2.0000    
Resource 1.Utilization                      .47018     .05953     .00000     1.0000     1.0000    
Resource 2.NumberBusy                       .94276     (Corr)     .00000     2.0000     1.0000    
Resource 2.NumberScheduled                  2.0000     (Insuf)    2.0000     2.0000     2.0000    
Resource 2.Utilization                      .47138     (Corr)     .00000     1.0000     .50000    
Process 1.Queue.NumberInQueue               .13384     (Insuf)    .00000     3.0000     .00000    
Process 2.Queue.NumberInQueue               .04701     (Insuf)    .00000     2.0000     .00000    

                                             OUTPUTS

Identifier                                   Value
_____________________________________________________________

Entity 1.NumberIn                           229.00    
Entity 1.NumberOut                          226.00    
Resource 1.NumberSeized                     229.00    
Resource 1.ScheduledUtilization             .47018    
Resource 2.NumberSeized                     227.00    
Resource 2.ScheduledUtilization             .47138    
System.NumberOut                            226.00    

Beginning replication 21 of 30

                                      ARENA Simulation Results
                                     User - License: 7328734345

                                  Summary for Replication 21 of 30

Project: Unnamed Project                                             Run execution date : 9/18/2018
Analyst: Rockwell Automation                                         Model revision date: 9/18/2018

Replication ended at time      : 240.0 Hours 
Base Time Units: Hours

                                           TALLY VARIABLES

Identifier                                  Average   Half Width  Minimum    Maximum   Observations
___________________________________________________________________________________________________

Entity 1.VATime                             2.0240     (Insuf)    1.1098     2.7817        258    
Entity 1.NVATime                            .00000     (Insuf)    .00000     .00000        258    
Entity 1.WaitTime                           .33281     (Insuf)    .00000     2.0523        258    
Entity 1.TranTime                           .00000     (Insuf)    .00000     .00000        258    
Entity 1.OtherTime                          .00000     (Insuf)    .00000     .00000        258    
Entity 1.TotalTime                          2.3568     (Insuf)    1.2665     4.4479        258    
Process 1.Queue.WaitingTime                 .23859     (Insuf)    .00000     1.4268        260    
Process 2.Queue.WaitingTime                 .09167     (Insuf)    .00000     1.0797        260    

                                     DISCRETE-CHANGE VARIABLES

Identifier                                  Average   Half Width  Minimum    Maximum   Final Value
___________________________________________________________________________________________________

Entity 1.WIP                                2.5465     .41599     .00000     8.0000     2.0000    
Resource 1.NumberBusy                       1.0902     (Insuf)    .00000     2.0000     .00000    
Resource 1.NumberScheduled                  2.0000     (Insuf)    2.0000     2.0000     2.0000    
Resource 1.Utilization                      .54513     (Insuf)    .00000     1.0000     .00000    
Resource 2.NumberBusy                       1.0985     .13991     .00000     2.0000     2.0000    
Resource 2.NumberScheduled                  2.0000     (Insuf)    2.0000     2.0000     2.0000    
Resource 2.Utilization                      .54925     .06996     .00000     1.0000     1.0000    
Process 1.Queue.NumberInQueue               .25847     (Insuf)    .00000     4.0000     .00000    
Process 2.Queue.NumberInQueue               .09931     (Insuf)    .00000     2.0000     .00000    

                                             OUTPUTS

Identifier                                   Value
_____________________________________________________________

Entity 1.NumberIn                           260.00    
Entity 1.NumberOut                          258.00    
Resource 1.NumberSeized                     260.00    
Resource 1.ScheduledUtilization             .54513    
Resource 2.NumberSeized                     260.00    
Resource 2.ScheduledUtilization             .54925    
System.NumberOut                            258.00    

Beginning replication 22 of 30

                                      ARENA Simulation Results
                                     User - License: 7328734345

                                  Summary for Replication 22 of 30

Project: Unnamed Project                                             Run execution date : 9/18/2018
Analyst: Rockwell Automation                                         Model revision date: 9/18/2018

Replication ended at time      : 240.0 Hours 
Base Time Units: Hours

                                           TALLY VARIABLES

Identifier                                  Average   Half Width  Minimum    Maximum   Observations
___________________________________________________________________________________________________

Entity 1.VATime                             2.0140     (Insuf)    1.3482     2.7213        218    
Entity 1.NVATime                            .00000     (Insuf)    .00000     .00000        218    
Entity 1.WaitTime                           .16363     (Insuf)    .00000     1.6225        218    
Entity 1.TranTime                           .00000     (Insuf)    .00000     .00000        218    
Entity 1.OtherTime                          .00000     (Insuf)    .00000     .00000        218    
Entity 1.TotalTime                          2.1776     (Insuf)    1.3482     3.6376        218    
Process 1.Queue.WaitingTime                 .12257     (Insuf)    .00000     1.2756        223    
Process 2.Queue.WaitingTime                 .03869     (Insuf)    .00000     .68015        220    

                                     DISCRETE-CHANGE VARIABLES

Identifier                                  Average   Half Width  Minimum    Maximum   Final Value
___________________________________________________________________________________________________

Entity 1.WIP                                2.0020     .29093     .00000     6.0000     5.0000    
Resource 1.NumberBusy                       .94335     .12351     .00000     2.0000     2.0000    
Resource 1.NumberScheduled                  2.0000     (Insuf)    2.0000     2.0000     2.0000    
Resource 1.Utilization                      .47168     .06176     .00000     1.0000     1.0000    
Resource 2.NumberBusy                       .90825     .12037     .00000     2.0000     2.0000    
Resource 2.NumberScheduled                  2.0000     (Insuf)    2.0000     2.0000     2.0000    
Resource 2.Utilization                      .45413     .06019     .00000     1.0000     1.0000    
Process 1.Queue.NumberInQueue               .11388     (Insuf)    .00000     3.0000     .00000    
Process 2.Queue.NumberInQueue               .03654     (Insuf)    .00000     2.0000     1.0000    

                                             OUTPUTS

Identifier                                   Value
_____________________________________________________________

Entity 1.NumberIn                           223.00    
Entity 1.NumberOut                          218.00    
Resource 1.NumberSeized                     223.00    
Resource 1.ScheduledUtilization             .47168    
Resource 2.NumberSeized                     220.00    
Resource 2.ScheduledUtilization             .45413    
System.NumberOut                            218.00    

Beginning replication 23 of 30

                                      ARENA Simulation Results
                                     User - License: 7328734345

                                  Summary for Replication 23 of 30

Project: Unnamed Project                                             Run execution date : 9/18/2018
Analyst: Rockwell Automation                                         Model revision date: 9/18/2018

Replication ended at time      : 240.0 Hours 
Base Time Units: Hours

                                           TALLY VARIABLES

Identifier                                  Average   Half Width  Minimum    Maximum   Observations
___________________________________________________________________________________________________

Entity 1.VATime                             2.0123     (Insuf)    1.3281     2.7353        229    
Entity 1.NVATime                            .00000     (Insuf)    .00000     .00000        229    
Entity 1.WaitTime                           .18202     (Insuf)    .00000     1.7367        229    
Entity 1.TranTime                           .00000     (Insuf)    .00000     .00000        229    
Entity 1.OtherTime                          .00000     (Insuf)    .00000     .00000        229    
Entity 1.TotalTime                          2.1944     (Insuf)    1.3414     4.0320        229    
Process 1.Queue.WaitingTime                 .14741     (Insuf)    .00000     1.7367        232    
Process 2.Queue.WaitingTime                 .03455     (Insuf)    .00000     .50708        230    

                                     DISCRETE-CHANGE VARIABLES

Identifier                                  Average   Half Width  Minimum    Maximum   Final Value
___________________________________________________________________________________________________

Entity 1.WIP                                2.1083     .28849     .00000     8.0000     3.0000    
Resource 1.NumberBusy                       .97342     .10654     .00000     2.0000     2.0000    
Resource 1.NumberScheduled                  2.0000     (Insuf)    2.0000     2.0000     2.0000    
Resource 1.Utilization                      .48671     .05327     .00000     1.0000     1.0000    
Resource 2.NumberBusy                       .95937     .10950     .00000     2.0000     1.0000    
Resource 2.NumberScheduled                  2.0000     (Insuf)    2.0000     2.0000     2.0000    
Resource 2.Utilization                      .47968     .05475     .00000     1.0000     .50000    
Process 1.Queue.NumberInQueue               .14250     (Insuf)    .00000     4.0000     .00000    
Process 2.Queue.NumberInQueue               .03311     (Insuf)    .00000     2.0000     .00000    

                                             OUTPUTS

Identifier                                   Value
_____________________________________________________________

Entity 1.NumberIn                           232.00    
Entity 1.NumberOut                          229.00    
Resource 1.NumberSeized                     232.00    
Resource 1.ScheduledUtilization             .48671    
Resource 2.NumberSeized                     230.00    
Resource 2.ScheduledUtilization             .47968    
System.NumberOut                            229.00    

Beginning replication 24 of 30

                                      ARENA Simulation Results
                                     User - License: 7328734345

                                  Summary for Replication 24 of 30

Project: Unnamed Project                                             Run execution date : 9/18/2018
Analyst: Rockwell Automation                                         Model revision date: 9/18/2018

Replication ended at time      : 240.0 Hours 
Base Time Units: Hours

                                           TALLY VARIABLES

Identifier                                  Average   Half Width  Minimum    Maximum   Observations
___________________________________________________________________________________________________

Entity 1.VATime                             2.0275     (Insuf)    1.2246     2.8272        198    
Entity 1.NVATime                            .00000     (Insuf)    .00000     .00000        198    
Entity 1.WaitTime                           .14226     (Insuf)    .00000     1.3902        198    
Entity 1.TranTime                           .00000     (Insuf)    .00000     .00000        198    
Entity 1.OtherTime                          .00000     (Insuf)    .00000     .00000        198    
Entity 1.TotalTime                          2.1698     (Insuf)    1.2246     3.3314        198    
Process 1.Queue.WaitingTime                 .11502     (Insuf)    .00000     1.3902        201    
Process 2.Queue.WaitingTime                 .03002     (Insuf)    .00000     .51671        200    

                                     DISCRETE-CHANGE VARIABLES

Identifier                                  Average   Half Width  Minimum    Maximum   Final Value
___________________________________________________________________________________________________

Entity 1.WIP                                1.8053     .28227     .00000     7.0000     3.0000    
Resource 1.NumberBusy                       .84884     (Insuf)    .00000     2.0000     1.0000    
Resource 1.NumberScheduled                  2.0000     (Insuf)    2.0000     2.0000     2.0000    
Resource 1.Utilization                      .42442     (Insuf)    .00000     1.0000     .50000    
Resource 2.NumberBusy                       .83514     .13219     .00000     2.0000     2.0000    
Resource 2.NumberScheduled                  2.0000     (Insuf)    2.0000     2.0000     2.0000    
Resource 2.Utilization                      .41757     .06610     .00000     1.0000     1.0000    
Process 1.Queue.NumberInQueue               .09633     (Insuf)    .00000     3.0000     .00000    
Process 2.Queue.NumberInQueue               .02502     (Insuf)    .00000     1.0000     .00000    

                                             OUTPUTS

Identifier                                   Value
_____________________________________________________________

Entity 1.NumberIn                           201.00    
Entity 1.NumberOut                          198.00    
Resource 1.NumberSeized                     201.00    
Resource 1.ScheduledUtilization             .42442    
Resource 2.NumberSeized                     200.00    
Resource 2.ScheduledUtilization             .41757    
System.NumberOut                            198.00    

Beginning replication 25 of 30

                                      ARENA Simulation Results
                                     User - License: 7328734345

                                  Summary for Replication 25 of 30

Project: Unnamed Project                                             Run execution date : 9/18/2018
Analyst: Rockwell Automation                                         Model revision date: 9/18/2018

Replication ended at time      : 240.0 Hours 
Base Time Units: Hours

                                           TALLY VARIABLES

Identifier                                  Average   Half Width  Minimum    Maximum   Observations
___________________________________________________________________________________________________

Entity 1.VATime                             1.9641     (Insuf)    1.2432     2.7070        255    
Entity 1.NVATime                            .00000     (Insuf)    .00000     .00000        255    
Entity 1.WaitTime                           .28574     (Insuf)    .00000     1.9639        255    
Entity 1.TranTime                           .00000     (Insuf)    .00000     .00000        255    
Entity 1.OtherTime                          .00000     (Insuf)    .00000     .00000        255    
Entity 1.TotalTime                          2.2498     (Insuf)    1.3031     4.2328        255    
Process 1.Queue.WaitingTime                 .19157     (Insuf)    .00000     1.3984        256    
Process 2.Queue.WaitingTime                 .09306     (Insuf)    .00000     1.1324        256    

                                     DISCRETE-CHANGE VARIABLES

Identifier                                  Average   Half Width  Minimum    Maximum   Final Value
___________________________________________________________________________________________________

Entity 1.WIP                                2.3943     .34250     .00000     7.0000     1.0000    
Resource 1.NumberBusy                       1.0353     .10594     .00000     2.0000     .00000    
Resource 1.NumberScheduled                  2.0000     (Insuf)    2.0000     2.0000     2.0000    
Resource 1.Utilization                      .51769     .05297     .00000     1.0000     .00000    
Resource 2.NumberBusy                       1.0553     .12168     .00000     2.0000     1.0000    
Resource 2.NumberScheduled                  2.0000     (Insuf)    2.0000     2.0000     2.0000    
Resource 2.Utilization                      .52769     .06084     .00000     1.0000     .50000    
Process 1.Queue.NumberInQueue               .20434     (Insuf)    .00000     3.0000     .00000    
Process 2.Queue.NumberInQueue               .09926     (Insuf)    .00000     3.0000     .00000    

                                             OUTPUTS

Identifier                                   Value
_____________________________________________________________

Entity 1.NumberIn                           256.00    
Entity 1.NumberOut                          255.00    
Resource 1.NumberSeized                     256.00    
Resource 1.ScheduledUtilization             .51769    
Resource 2.NumberSeized                     256.00    
Resource 2.ScheduledUtilization             .52769    
System.NumberOut                            255.00    

Beginning replication 26 of 30

                                      ARENA Simulation Results
                                     User - License: 7328734345

                                  Summary for Replication 26 of 30

Project: Unnamed Project                                             Run execution date : 9/18/2018
Analyst: Rockwell Automation                                         Model revision date: 9/18/2018

Replication ended at time      : 240.0 Hours 
Base Time Units: Hours

                                           TALLY VARIABLES

Identifier                                  Average   Half Width  Minimum    Maximum   Observations
___________________________________________________________________________________________________

Entity 1.VATime                             1.9925     (Insuf)    1.3560     2.7961        198    
Entity 1.NVATime                            .00000     (Insuf)    .00000     .00000        198    
Entity 1.WaitTime                           .15425     (Insuf)    .00000     1.3494        198    
Entity 1.TranTime                           .00000     (Insuf)    .00000     .00000        198    
Entity 1.OtherTime                          .00000     (Insuf)    .00000     .00000        198    
Entity 1.TotalTime                          2.1468     (Insuf)    1.3723     3.5543        198    
Process 1.Queue.WaitingTime                 .12044     (Insuf)    .00000     1.1701        199    
Process 2.Queue.WaitingTime                 .03303     (Insuf)    .00000     .69954        199    

                                     DISCRETE-CHANGE VARIABLES

Identifier                                  Average   Half Width  Minimum    Maximum   Final Value
___________________________________________________________________________________________________

Entity 1.WIP                                1.7789     .28782     .00000     7.0000     1.0000    
Resource 1.NumberBusy                       .83811     (Insuf)    .00000     2.0000     .00000    
Resource 1.NumberScheduled                  2.0000     (Insuf)    2.0000     2.0000     2.0000    
Resource 1.Utilization                      .41906     (Insuf)    .00000     1.0000     .00000    
Resource 2.NumberBusy                       .81354     .10405     .00000     2.0000     1.0000    
Resource 2.NumberScheduled                  2.0000     (Insuf)    2.0000     2.0000     2.0000    
Resource 2.Utilization                      .40677     .05202     .00000     1.0000     .50000    
Process 1.Queue.NumberInQueue               .09987     (Insuf)    .00000     3.0000     .00000    
Process 2.Queue.NumberInQueue               .02739     (Insuf)    .00000     2.0000     .00000    

                                             OUTPUTS

Identifier                                   Value
_____________________________________________________________

Entity 1.NumberIn                           199.00    
Entity 1.NumberOut                          198.00    
Resource 1.NumberSeized                     199.00    
Resource 1.ScheduledUtilization             .41906    
Resource 2.NumberSeized                     199.00    
Resource 2.ScheduledUtilization             .40677    
System.NumberOut                            198.00    

Beginning replication 27 of 30

                                      ARENA Simulation Results
                                     User - License: 7328734345

                                  Summary for Replication 27 of 30

Project: Unnamed Project                                             Run execution date : 9/18/2018
Analyst: Rockwell Automation                                         Model revision date: 9/18/2018

Replication ended at time      : 240.0 Hours 
Base Time Units: Hours

                                           TALLY VARIABLES

Identifier                                  Average   Half Width  Minimum    Maximum   Observations
___________________________________________________________________________________________________

Entity 1.VATime                             1.9974     (Insuf)    1.3647     2.8505        242    
Entity 1.NVATime                            .00000     (Insuf)    .00000     .00000        242    
Entity 1.WaitTime                           .26779     (Insuf)    .00000     3.5972        242    
Entity 1.TranTime                           .00000     (Insuf)    .00000     .00000        242    
Entity 1.OtherTime                          .00000     (Insuf)    .00000     .00000        242    
Entity 1.TotalTime                          2.2652     (Insuf)    1.3827     5.4095        242    
Process 1.Queue.WaitingTime                 .20177     (Insuf)    .00000     2.8553        244    
Process 2.Queue.WaitingTime                 .06409     (Insuf)    .00000     1.0557        243    

                                     DISCRETE-CHANGE VARIABLES

Identifier                                  Average   Half Width  Minimum    Maximum   Final Value
___________________________________________________________________________________________________

Entity 1.WIP                                2.2944     .37412     .00000     10.000     2.0000    
Resource 1.NumberBusy                       1.0156     .12197     .00000     2.0000     1.0000    
Resource 1.NumberScheduled                  2.0000     (Insuf)    2.0000     2.0000     2.0000    
Resource 1.Utilization                      .50783     .06099     .00000     1.0000     .50000    
Resource 2.NumberBusy                       1.0087     .11314     .00000     2.0000     1.0000    
Resource 2.NumberScheduled                  2.0000     (Insuf)    2.0000     2.0000     2.0000    
Resource 2.Utilization                      .50438     .05657     .00000     1.0000     .50000    
Process 1.Queue.NumberInQueue               .20513     (Insuf)    .00000     6.0000     .00000    
Process 2.Queue.NumberInQueue               .06489     (Insuf)    .00000     2.0000     .00000    

                                             OUTPUTS

Identifier                                   Value
_____________________________________________________________

Entity 1.NumberIn                           244.00    
Entity 1.NumberOut                          242.00    
Resource 1.NumberSeized                     244.00    
Resource 1.ScheduledUtilization             .50783    
Resource 2.NumberSeized                     243.00    
Resource 2.ScheduledUtilization             .50438    
System.NumberOut                            242.00    

Beginning replication 28 of 30

                                      ARENA Simulation Results
                                     User - License: 7328734345

                                  Summary for Replication 28 of 30

Project: Unnamed Project                                             Run execution date : 9/18/2018
Analyst: Rockwell Automation                                         Model revision date: 9/18/2018

Replication ended at time      : 240.0 Hours 
Base Time Units: Hours

                                           TALLY VARIABLES

Identifier                                  Average   Half Width  Minimum    Maximum   Observations
___________________________________________________________________________________________________

Entity 1.VATime                             1.9848     (Insuf)    1.1238     2.6890        243    
Entity 1.NVATime                            .00000     (Insuf)    .00000     .00000        243    
Entity 1.WaitTime                           .21259     (Insuf)    .00000     1.9179        243    
Entity 1.TranTime                           .00000     (Insuf)    .00000     .00000        243    
Entity 1.OtherTime                          .00000     (Insuf)    .00000     .00000        243    
Entity 1.TotalTime                          2.1974     (Insuf)    1.1238     3.9833        243    
Process 1.Queue.WaitingTime                 .15547     (Insuf)    .00000     1.4506        245    
Process 2.Queue.WaitingTime                 .05584     (Insuf)    .00000     .68021        243    

                                     DISCRETE-CHANGE VARIABLES

Identifier                                  Average   Half Width  Minimum    Maximum   Final Value
___________________________________________________________________________________________________

Entity 1.WIP                                2.2268     .30852     .00000     7.0000     2.0000    
Resource 1.NumberBusy                       .99986     .11736     .00000     2.0000     2.0000    
Resource 1.NumberScheduled                  2.0000     (Insuf)    2.0000     2.0000     2.0000    
Resource 1.Utilization                      .49993     .05868     .00000     1.0000     1.0000    
Resource 2.NumberBusy                       1.0117     .12590     .00000     2.0000     .00000    
Resource 2.NumberScheduled                  2.0000     (Insuf)    2.0000     2.0000     2.0000    
Resource 2.Utilization                      .50589     .06295     .00000     1.0000     .00000    
Process 1.Queue.NumberInQueue               .15871     (Insuf)    .00000     4.0000     .00000    
Process 2.Queue.NumberInQueue               .05653     (Insuf)    .00000     2.0000     .00000    

                                             OUTPUTS

Identifier                                   Value
_____________________________________________________________

Entity 1.NumberIn                           245.00    
Entity 1.NumberOut                          243.00    
Resource 1.NumberSeized                     245.00    
Resource 1.ScheduledUtilization             .49993    
Resource 2.NumberSeized                     243.00    
Resource 2.ScheduledUtilization             .50589    
System.NumberOut                            243.00    

Beginning replication 29 of 30

                                      ARENA Simulation Results
                                     User - License: 7328734345

                                  Summary for Replication 29 of 30

Project: Unnamed Project                                             Run execution date : 9/18/2018
Analyst: Rockwell Automation                                         Model revision date: 9/18/2018

Replication ended at time      : 240.0 Hours 
Base Time Units: Hours

                                           TALLY VARIABLES

Identifier                                  Average   Half Width  Minimum    Maximum   Observations
___________________________________________________________________________________________________

Entity 1.VATime                             2.0191     (Insuf)    1.2119     2.7953        236    
Entity 1.NVATime                            .00000     (Insuf)    .00000     .00000        236    
Entity 1.WaitTime                           .27029     (Insuf)    .00000     2.5662        236    
Entity 1.TranTime                           .00000     (Insuf)    .00000     .00000        236    
Entity 1.OtherTime                          .00000     (Insuf)    .00000     .00000        236    
Entity 1.TotalTime                          2.2894     (Insuf)    1.2119     4.6233        236    
Process 1.Queue.WaitingTime                 .22150     (Insuf)    .00000     2.4058        236    
Process 2.Queue.WaitingTime                 .04878     (Insuf)    .00000     .64250        236    

                                     DISCRETE-CHANGE VARIABLES

Identifier                                  Average   Half Width  Minimum    Maximum   Final Value
___________________________________________________________________________________________________

Entity 1.WIP                                2.2513     .40845     .00000     10.000     .00000    
Resource 1.NumberBusy                       .98173     (Corr)     .00000     2.0000     .00000    
Resource 1.NumberScheduled                  2.0000     (Insuf)    2.0000     2.0000     2.0000    
Resource 1.Utilization                      .49087     (Corr)     .00000     1.0000     .00000    
Resource 2.NumberBusy                       1.0037     .11813     .00000     2.0000     .00000    
Resource 2.NumberScheduled                  2.0000     (Insuf)    2.0000     2.0000     2.0000    
Resource 2.Utilization                      .50190     .05906     .00000     1.0000     .00000    
Process 1.Queue.NumberInQueue               .21781     (Insuf)    .00000     5.0000     .00000    
Process 2.Queue.NumberInQueue               .04797     (Insuf)    .00000     2.0000     .00000    

                                             OUTPUTS

Identifier                                   Value
_____________________________________________________________

Entity 1.NumberIn                           236.00    
Entity 1.NumberOut                          236.00    
Resource 1.NumberSeized                     236.00    
Resource 1.ScheduledUtilization             .49087    
Resource 2.NumberSeized                     236.00    
Resource 2.ScheduledUtilization             .50190    
System.NumberOut                            236.00    

Beginning replication 30 of 30

                                      ARENA Simulation Results
                                     User - License: 7328734345

                                  Summary for Replication 30 of 30

Project: Unnamed Project                                             Run execution date : 9/18/2018
Analyst: Rockwell Automation                                         Model revision date: 9/18/2018

Replication ended at time      : 240.0 Hours 
Base Time Units: Hours

                                           TALLY VARIABLES

Identifier                                  Average   Half Width  Minimum    Maximum   Observations
___________________________________________________________________________________________________

Entity 1.VATime                             1.9950     (Insuf)    1.2620     2.6104        220    
Entity 1.NVATime                            .00000     (Insuf)    .00000     .00000        220    
Entity 1.WaitTime                           .23373     (Insuf)    .00000     2.4322        220    
Entity 1.TranTime                           .00000     (Insuf)    .00000     .00000        220    
Entity 1.OtherTime                          .00000     (Insuf)    .00000     .00000        220    
Entity 1.TotalTime                          2.2288     (Insuf)    1.2620     4.2751        220    
Process 1.Queue.WaitingTime                 .18828     (Insuf)    .00000     2.2338        223    
Process 2.Queue.WaitingTime                 .04368     (Insuf)    .00000     .74809        222    

                                     DISCRETE-CHANGE VARIABLES

Identifier                                  Average   Half Width  Minimum    Maximum   Final Value
___________________________________________________________________________________________________

Entity 1.WIP                                2.0638     .31262     .00000     8.0000     3.0000    
Resource 1.NumberBusy                       .94147     (Insuf)    .00000     2.0000     1.0000    
Resource 1.NumberScheduled                  2.0000     (Insuf)    2.0000     2.0000     2.0000    
Resource 1.Utilization                      .47073     (Insuf)    .00000     1.0000     .50000    
Resource 2.NumberBusy                       .90701     .10741     .00000     2.0000     2.0000    
Resource 2.NumberScheduled                  2.0000     (Insuf)    2.0000     2.0000     2.0000    
Resource 2.Utilization                      .45350     .05370     .00000     1.0000     1.0000    
Process 1.Queue.NumberInQueue               .17495     (Insuf)    .00000     4.0000     .00000    
Process 2.Queue.NumberInQueue               .04040     (Insuf)    .00000     2.0000     .00000    

                                             OUTPUTS

Identifier                                   Value
_____________________________________________________________

Entity 1.NumberIn                           223.00    
Entity 1.NumberOut                          220.00    
Resource 1.NumberSeized                     223.00    
Resource 1.ScheduledUtilization             .47073    
Resource 2.NumberSeized                     222.00    
Resource 2.ScheduledUtilization             .45350    
System.NumberOut                            220.00    


                                      ARENA Simulation Results
                                     User - License: 7328734345

                                 Output Summary for 30 Replications

Project: Unnamed Project                                             Run execution date : 9/18/2018
Analyst: Rockwell Automation                                         Model revision date: 9/18/2018


                                             OUTPUTS

Identifier                                 Average    Half-width Minimum    Maximum # Replications
___________________________________________________________________________________________________

Entity 1.NumberIn                           238.70     6.9402     194.00     269.00     30
Entity 1.NumberOut                          236.43     6.9364     190.00     265.00     30
Resource 1.NumberSeized                     238.63     6.9182     194.00     269.00     30
Resource 1.ScheduledUtilization             .49615     .01429     .38771     .56870     30
Resource 2.NumberSeized                     237.53     6.8982     192.00     267.00     30
Resource 2.ScheduledUtilization             .49198     .01490     .39945     .55791     30
System.NumberOut                            236.43     6.9364     190.00     265.00     30

Simulation run time: 0.02 minutes.
Simulation run complete.
